{
                    "traceId":"null",
                    "@timestamp":"2020-08-14T14:29:23.232+0800",
                    "exception":"",
                    "message": "Starting ImportdatasApplication on CR9GPLI with PID 15808 (E:\workspaces\importdatas\target\classes started by 29097 in E:\workspaces\importdatas)",
                    
                    "method":"com.test.importdatas.ImportdatasApplication[55]",
                    "thread":"restartedMain",
                    "environment":"pro",
                    "level": "INFO",
                    "timeConsume":"817"
                    }
                    
                    
{
                    "traceId":"null",
                    "@timestamp":"2020-08-14T14:29:23.235+0800",
                    "exception":"",
                    "message": "No active profile set, falling back to default profiles: default",
                    
                    "method":"com.test.importdatas.ImportdatasApplication[651]",
                    "thread":"restartedMain",
                    "environment":"pro",
                    "level": "INFO",
                    "timeConsume":"820"
                    }
                    
                    
{
                    "traceId":"null",
                    "@timestamp":"2020-08-14T14:29:25.993+0800",
                    "exception":"",
                    "message": "Started ImportdatasApplication in 3.333 seconds (JVM running for 4.238)",
                    
                    "method":"com.test.importdatas.ImportdatasApplication[61]",
                    "thread":"restartedMain",
                    "environment":"pro",
                    "level": "INFO",
                    "timeConsume":"3578"
                    }
                    
                    
{
                    "traceId":"47eed05ae058421aa788154038425f04",
                    "@timestamp":"2020-08-14T14:29:34.372+0800",
                    "exception":"",
                    "message": "查询用户信息 name:levi,age:24",
                    
                    "method":"com.test.importdatas.controller.UserController[26]",
                    "thread":"http-nio-8081-exec-1",
                    "environment":"pro",
                    "level": "INFO",
                    "timeConsume":"11957"
                    }
                    
                    
{
                    "traceId":"47eed05ae058421aa788154038425f04",
                    "@timestamp":"2020-08-14T14:29:34.373+0800",
                    "exception":"java.lang.RuntimeException: 年龄不正确
	at com.test.importdatas.controller.UserController.selectUserInfo(UserController.java:28)
	at sun.reflect.NativeMethodAccessorImpl.invoke0(Native Method)
	at sun.reflect.NativeMethodAccessorImpl.invoke(NativeMethodAccessorImpl.java:62)
	at sun.reflect.DelegatingMethodAccessorImpl.invoke(DelegatingMethodAccessorImpl.java:43)
	at java.lang.reflect.Method.invoke(Method.java:498)
	at org.springframework.web.method.support.InvocableHandlerMethod.doInvoke(InvocableHandlerMethod.java:190)
	at org.springframework.web.method.support.InvocableHandlerMethod.invokeForRequest(InvocableHandlerMethod.java:138)
	at org.springframework.web.servlet.mvc.method.annotation.ServletInvocableHandlerMethod.invokeAndHandle(ServletInvocableHandlerMethod.java:105)
	at org.springframework.web.servlet.mvc.method.annotation.RequestMappingHandlerAdapter.invokeHandlerMethod(RequestMappingHandlerAdapter.java:878)
	at org.springframework.web.servlet.mvc.method.annotation.RequestMappingHandlerAdapter.handleInternal(RequestMappingHandlerAdapter.java:792)
	at org.springframework.web.servlet.mvc.method.AbstractHandlerMethodAdapter.handle(AbstractHandlerMethodAdapter.java:87)
	at org.springframework.web.servlet.DispatcherServlet.doDispatch(DispatcherServlet.java:1040)
	at org.springframework.web.servlet.DispatcherServlet.doService(DispatcherServlet.java:943)
	at org.springframework.web.servlet.FrameworkServlet.processRequest(FrameworkServlet.java:1006)
	at org.springframework.web.servlet.FrameworkServlet.doPost(FrameworkServlet.java:909)
	at javax.servlet.http.HttpServlet.service(HttpServlet.java:652)
	at org.springframework.web.servlet.FrameworkServlet.service(FrameworkServlet.java:883)
	at javax.servlet.http.HttpServlet.service(HttpServlet.java:733)
	at org.apache.catalina.core.ApplicationFilterChain.internalDoFilter(ApplicationFilterChain.java:231)
	at org.apache.catalina.core.ApplicationFilterChain.doFilter(ApplicationFilterChain.java:166)
	at org.apache.tomcat.websocket.server.WsFilter.doFilter(WsFilter.java:53)
	at org.apache.catalina.core.ApplicationFilterChain.internalDoFilter(ApplicationFilterChain.java:193)
	at org.apache.catalina.core.ApplicationFilterChain.doFilter(ApplicationFilterChain.java:166)
	at com.test.importdatas.config.WebTraceFilter.doFilter(WebTraceFilter.java:29)
	at org.apache.catalina.core.ApplicationFilterChain.internalDoFilter(ApplicationFilterChain.java:193)
	at org.apache.catalina.core.ApplicationFilterChain.doFilter(ApplicationFilterChain.java:166)
	at org.springframework.web.filter.RequestContextFilter.doFilterInternal(RequestContextFilter.java:100)
	at org.springframework.web.filter.OncePerRequestFilter.doFilter(OncePerRequestFilter.java:119)
	at org.apache.catalina.core.ApplicationFilterChain.internalDoFilter(ApplicationFilterChain.java:193)
	at org.apache.catalina.core.ApplicationFilterChain.doFilter(ApplicationFilterChain.java:166)
	at org.springframework.web.filter.FormContentFilter.doFilterInternal(FormContentFilter.java:93)
	at org.springframework.web.filter.OncePerRequestFilter.doFilter(OncePerRequestFilter.java:119)
	at org.apache.catalina.core.ApplicationFilterChain.internalDoFilter(ApplicationFilterChain.java:193)
	at org.apache.catalina.core.ApplicationFilterChain.doFilter(ApplicationFilterChain.java:166)
	at org.springframework.web.filter.CharacterEncodingFilter.doFilterInternal(CharacterEncodingFilter.java:201)
	at org.springframework.web.filter.OncePerRequestFilter.doFilter(OncePerRequestFilter.java:119)
	at org.apache.catalina.core.ApplicationFilterChain.internalDoFilter(ApplicationFilterChain.java:193)
	at org.apache.catalina.core.ApplicationFilterChain.doFilter(ApplicationFilterChain.java:166)
	at org.apache.catalina.core.StandardWrapperValve.invoke(StandardWrapperValve.java:202)
	at org.apache.catalina.core.StandardContextValve.invoke(StandardContextValve.java:96)
	at org.apache.catalina.authenticator.AuthenticatorBase.invoke(AuthenticatorBase.java:541)
	at org.apache.catalina.core.StandardHostValve.invoke(StandardHostValve.java:139)
	at org.apache.catalina.valves.ErrorReportValve.invoke(ErrorReportValve.java:92)
	at org.apache.catalina.core.StandardEngineValve.invoke(StandardEngineValve.java:74)
	at org.apache.catalina.connector.CoyoteAdapter.service(CoyoteAdapter.java:343)
	at org.apache.coyote.http11.Http11Processor.service(Http11Processor.java:373)
	at org.apache.coyote.AbstractProcessorLight.process(AbstractProcessorLight.java:65)
	at org.apache.coyote.AbstractProtocol$ConnectionHandler.process(AbstractProtocol.java:868)
	at org.apache.tomcat.util.net.NioEndpoint$SocketProcessor.doRun(NioEndpoint.java:1589)
	at org.apache.tomcat.util.net.SocketProcessorBase.run(SocketProcessorBase.java:49)
	at java.util.concurrent.ThreadPoolExecutor.runWorker(ThreadPoolExecutor.java:1149)
	at java.util.concurrent.ThreadPoolExecutor$Worker.run(ThreadPoolExecutor.java:624)
	at org.apache.tomcat.util.threads.TaskThread$WrappingRunnable.run(TaskThread.java:61)
	at java.lang.Thread.run(Thread.java:748)
",
                    "message": "查询用户信息异常 name:levi ",
                    
                    "method":"com.test.importdatas.controller.UserController[33]",
                    "thread":"http-nio-8081-exec-1",
                    "environment":"pro",
                    "level": "ERROR",
                    "timeConsume":"11958"
                    }
                    
                    
{
                    "traceId":"null",
                    "@timestamp":"2020-08-14T14:30:48.819+0800",
                    "exception":"",
                    "message": "Starting ImportdatasApplication on CR9GPLI with PID 14544 (E:\workspaces\importdatas\target\classes started by 29097 in E:\workspaces\importdatas)",
                    
                    "method":"com.test.importdatas.ImportdatasApplication[55]",
                    "thread":"restartedMain",
                    "environment":"pro",
                    "level": "INFO",
                    "timeConsume":"829"
                    }
                    
                    
{
                    "traceId":"null",
                    "@timestamp":"2020-08-14T14:30:48.822+0800",
                    "exception":"",
                    "message": "No active profile set, falling back to default profiles: default",
                    
                    "method":"com.test.importdatas.ImportdatasApplication[651]",
                    "thread":"restartedMain",
                    "environment":"pro",
                    "level": "INFO",
                    "timeConsume":"832"
                    }
                    
                    
{
                    "traceId":"null",
                    "@timestamp":"2020-08-14T14:30:51.610+0800",
                    "exception":"",
                    "message": "Started ImportdatasApplication in 3.387 seconds (JVM running for 4.346)",
                    
                    "method":"com.test.importdatas.ImportdatasApplication[61]",
                    "thread":"restartedMain",
                    "environment":"pro",
                    "level": "INFO",
                    "timeConsume":"3620"
                    }
                    
                    
{
                    "traceId":"66b4ced269934594b9f4293b0957096f",
                    "@timestamp":"2020-08-14T14:30:55.956+0800",
                    "exception":"",
                    "message": "查询用户信息 name:levi,age:24",
                    
                    "method":"com.test.importdatas.controller.UserController[26]",
                    "thread":"http-nio-8081-exec-1",
                    "environment":"pro",
                    "level": "INFO",
                    "timeConsume":"7966"
                    }
                    
                    
{
                    "traceId":"66b4ced269934594b9f4293b0957096f",
                    "@timestamp":"2020-08-14T14:30:55.958+0800",
                    "exception":"java.lang.RuntimeException: 年龄不正确
	at com.test.importdatas.controller.UserController.selectUserInfo(UserController.java:28)
	at sun.reflect.NativeMethodAccessorImpl.invoke0(Native Method)
	at sun.reflect.NativeMethodAccessorImpl.invoke(NativeMethodAccessorImpl.java:62)
	at sun.reflect.DelegatingMethodAccessorImpl.invoke(DelegatingMethodAccessorImpl.java:43)
	at java.lang.reflect.Method.invoke(Method.java:498)
	at org.springframework.web.method.support.InvocableHandlerMethod.doInvoke(InvocableHandlerMethod.java:190)
	at org.springframework.web.method.support.InvocableHandlerMethod.invokeForRequest(InvocableHandlerMethod.java:138)
	at org.springframework.web.servlet.mvc.method.annotation.ServletInvocableHandlerMethod.invokeAndHandle(ServletInvocableHandlerMethod.java:105)
	at org.springframework.web.servlet.mvc.method.annotation.RequestMappingHandlerAdapter.invokeHandlerMethod(RequestMappingHandlerAdapter.java:878)
	at org.springframework.web.servlet.mvc.method.annotation.RequestMappingHandlerAdapter.handleInternal(RequestMappingHandlerAdapter.java:792)
	at org.springframework.web.servlet.mvc.method.AbstractHandlerMethodAdapter.handle(AbstractHandlerMethodAdapter.java:87)
	at org.springframework.web.servlet.DispatcherServlet.doDispatch(DispatcherServlet.java:1040)
	at org.springframework.web.servlet.DispatcherServlet.doService(DispatcherServlet.java:943)
	at org.springframework.web.servlet.FrameworkServlet.processRequest(FrameworkServlet.java:1006)
	at org.springframework.web.servlet.FrameworkServlet.doPost(FrameworkServlet.java:909)
	at javax.servlet.http.HttpServlet.service(HttpServlet.java:652)
	at org.springframework.web.servlet.FrameworkServlet.service(FrameworkServlet.java:883)
	at javax.servlet.http.HttpServlet.service(HttpServlet.java:733)
	at org.apache.catalina.core.ApplicationFilterChain.internalDoFilter(ApplicationFilterChain.java:231)
	at org.apache.catalina.core.ApplicationFilterChain.doFilter(ApplicationFilterChain.java:166)
	at org.apache.tomcat.websocket.server.WsFilter.doFilter(WsFilter.java:53)
	at org.apache.catalina.core.ApplicationFilterChain.internalDoFilter(ApplicationFilterChain.java:193)
	at org.apache.catalina.core.ApplicationFilterChain.doFilter(ApplicationFilterChain.java:166)
	at com.test.importdatas.config.WebTraceFilter.doFilter(WebTraceFilter.java:29)
	at org.apache.catalina.core.ApplicationFilterChain.internalDoFilter(ApplicationFilterChain.java:193)
	at org.apache.catalina.core.ApplicationFilterChain.doFilter(ApplicationFilterChain.java:166)
	at org.springframework.web.filter.RequestContextFilter.doFilterInternal(RequestContextFilter.java:100)
	at org.springframework.web.filter.OncePerRequestFilter.doFilter(OncePerRequestFilter.java:119)
	at org.apache.catalina.core.ApplicationFilterChain.internalDoFilter(ApplicationFilterChain.java:193)
	at org.apache.catalina.core.ApplicationFilterChain.doFilter(ApplicationFilterChain.java:166)
	at org.springframework.web.filter.FormContentFilter.doFilterInternal(FormContentFilter.java:93)
	at org.springframework.web.filter.OncePerRequestFilter.doFilter(OncePerRequestFilter.java:119)
	at org.apache.catalina.core.ApplicationFilterChain.internalDoFilter(ApplicationFilterChain.java:193)
	at org.apache.catalina.core.ApplicationFilterChain.doFilter(ApplicationFilterChain.java:166)
	at org.springframework.web.filter.CharacterEncodingFilter.doFilterInternal(CharacterEncodingFilter.java:201)
	at org.springframework.web.filter.OncePerRequestFilter.doFilter(OncePerRequestFilter.java:119)
	at org.apache.catalina.core.ApplicationFilterChain.internalDoFilter(ApplicationFilterChain.java:193)
	at org.apache.catalina.core.ApplicationFilterChain.doFilter(ApplicationFilterChain.java:166)
	at org.apache.catalina.core.StandardWrapperValve.invoke(StandardWrapperValve.java:202)
	at org.apache.catalina.core.StandardContextValve.invoke(StandardContextValve.java:96)
	at org.apache.catalina.authenticator.AuthenticatorBase.invoke(AuthenticatorBase.java:541)
	at org.apache.catalina.core.StandardHostValve.invoke(StandardHostValve.java:139)
	at org.apache.catalina.valves.ErrorReportValve.invoke(ErrorReportValve.java:92)
	at org.apache.catalina.core.StandardEngineValve.invoke(StandardEngineValve.java:74)
	at org.apache.catalina.connector.CoyoteAdapter.service(CoyoteAdapter.java:343)
	at org.apache.coyote.http11.Http11Processor.service(Http11Processor.java:373)
	at org.apache.coyote.AbstractProcessorLight.process(AbstractProcessorLight.java:65)
	at org.apache.coyote.AbstractProtocol$ConnectionHandler.process(AbstractProtocol.java:868)
	at org.apache.tomcat.util.net.NioEndpoint$SocketProcessor.doRun(NioEndpoint.java:1589)
	at org.apache.tomcat.util.net.SocketProcessorBase.run(SocketProcessorBase.java:49)
	at java.util.concurrent.ThreadPoolExecutor.runWorker(ThreadPoolExecutor.java:1149)
	at java.util.concurrent.ThreadPoolExecutor$Worker.run(ThreadPoolExecutor.java:624)
	at org.apache.tomcat.util.threads.TaskThread$WrappingRunnable.run(TaskThread.java:61)
	at java.lang.Thread.run(Thread.java:748)
",
                    "message": "查询用户信息异常 name:levi ",
                    
                    "method":"com.test.importdatas.controller.UserController[33]",
                    "thread":"http-nio-8081-exec-1",
                    "environment":"pro",
                    "level": "ERROR",
                    "timeConsume":"7968"
                    }
                    
                    
15:02:41.488    [restartedMain] INFO  com.test.importdatas.ImportdatasApplication[55] -Starting ImportdatasApplication on CR9GPLI with PID 1412 (E:\workspaces\importdatas\target\classes started by 29097 in E:\workspaces\importdatas)
15:02:41.492    [restartedMain] INFO  com.test.importdatas.ImportdatasApplication[651] -No active profile set, falling back to default profiles: default
15:02:44.238    [restartedMain] INFO  com.test.importdatas.ImportdatasApplication[61] -Started ImportdatasApplication in 3.306 seconds (JVM running for 4.246)
2020_08_14 15:05:10.365 [restartedMain] INFO  com.test.importdatas.ImportdatasApplication[55] -Starting ImportdatasApplication on CR9GPLI with PID 10188 (E:\workspaces\importdatas\target\classes started by 29097 in E:\workspaces\importdatas)
2020_08_14 15:05:10.368 [restartedMain] INFO  com.test.importdatas.ImportdatasApplication[651] -No active profile set, falling back to default profiles: default
2020_08_14 15:05:13.177 [restartedMain] INFO  com.test.importdatas.ImportdatasApplication[61] -Started ImportdatasApplication in 3.368 seconds (JVM running for 4.287)
2020-08-14 15:18:59.648 [restartedMain] INFO  com.test.importdatas.ImportdatasApplication[55] -Starting ImportdatasApplication on CR9GPLI with PID 8860 (E:\workspaces\importdatas\target\classes started by 29097 in E:\workspaces\importdatas)
2020-08-14 15:18:59.651 [restartedMain] INFO  com.test.importdatas.ImportdatasApplication[651] -No active profile set, falling back to default profiles: default
2020-08-14 15:19:02.400 [restartedMain] INFO  com.test.importdatas.ImportdatasApplication[61] -Started ImportdatasApplication in 3.309 seconds (JVM running for 4.214)
2020-08-14 15:19:25.450 [http-nio-8081-exec-1] INFO  com.test.importdatas.controller.UserController[26] -查询用户信息 name:levi,age:24
2020-08-14 15:19:25.452 [http-nio-8081-exec-1] ERROR com.test.importdatas.controller.UserController[33] -查询用户信息异常 name:levi 
java.lang.RuntimeException: 年龄不正确
	at com.test.importdatas.controller.UserController.selectUserInfo(UserController.java:28)
	at sun.reflect.NativeMethodAccessorImpl.invoke0(Native Method)
	at sun.reflect.NativeMethodAccessorImpl.invoke(NativeMethodAccessorImpl.java:62)
	at sun.reflect.DelegatingMethodAccessorImpl.invoke(DelegatingMethodAccessorImpl.java:43)
	at java.lang.reflect.Method.invoke(Method.java:498)
	at org.springframework.web.method.support.InvocableHandlerMethod.doInvoke(InvocableHandlerMethod.java:190)
	at org.springframework.web.method.support.InvocableHandlerMethod.invokeForRequest(InvocableHandlerMethod.java:138)
	at org.springframework.web.servlet.mvc.method.annotation.ServletInvocableHandlerMethod.invokeAndHandle(ServletInvocableHandlerMethod.java:105)
	at org.springframework.web.servlet.mvc.method.annotation.RequestMappingHandlerAdapter.invokeHandlerMethod(RequestMappingHandlerAdapter.java:878)
	at org.springframework.web.servlet.mvc.method.annotation.RequestMappingHandlerAdapter.handleInternal(RequestMappingHandlerAdapter.java:792)
	at org.springframework.web.servlet.mvc.method.AbstractHandlerMethodAdapter.handle(AbstractHandlerMethodAdapter.java:87)
	at org.springframework.web.servlet.DispatcherServlet.doDispatch(DispatcherServlet.java:1040)
	at org.springframework.web.servlet.DispatcherServlet.doService(DispatcherServlet.java:943)
	at org.springframework.web.servlet.FrameworkServlet.processRequest(FrameworkServlet.java:1006)
	at org.springframework.web.servlet.FrameworkServlet.doPost(FrameworkServlet.java:909)
	at javax.servlet.http.HttpServlet.service(HttpServlet.java:652)
	at org.springframework.web.servlet.FrameworkServlet.service(FrameworkServlet.java:883)
	at javax.servlet.http.HttpServlet.service(HttpServlet.java:733)
	at org.apache.catalina.core.ApplicationFilterChain.internalDoFilter(ApplicationFilterChain.java:231)
	at org.apache.catalina.core.ApplicationFilterChain.doFilter(ApplicationFilterChain.java:166)
	at org.apache.tomcat.websocket.server.WsFilter.doFilter(WsFilter.java:53)
	at org.apache.catalina.core.ApplicationFilterChain.internalDoFilter(ApplicationFilterChain.java:193)
	at org.apache.catalina.core.ApplicationFilterChain.doFilter(ApplicationFilterChain.java:166)
	at com.test.importdatas.config.WebTraceFilter.doFilter(WebTraceFilter.java:29)
	at org.apache.catalina.core.ApplicationFilterChain.internalDoFilter(ApplicationFilterChain.java:193)
	at org.apache.catalina.core.ApplicationFilterChain.doFilter(ApplicationFilterChain.java:166)
	at org.springframework.web.filter.RequestContextFilter.doFilterInternal(RequestContextFilter.java:100)
	at org.springframework.web.filter.OncePerRequestFilter.doFilter(OncePerRequestFilter.java:119)
	at org.apache.catalina.core.ApplicationFilterChain.internalDoFilter(ApplicationFilterChain.java:193)
	at org.apache.catalina.core.ApplicationFilterChain.doFilter(ApplicationFilterChain.java:166)
	at org.springframework.web.filter.FormContentFilter.doFilterInternal(FormContentFilter.java:93)
	at org.springframework.web.filter.OncePerRequestFilter.doFilter(OncePerRequestFilter.java:119)
	at org.apache.catalina.core.ApplicationFilterChain.internalDoFilter(ApplicationFilterChain.java:193)
	at org.apache.catalina.core.ApplicationFilterChain.doFilter(ApplicationFilterChain.java:166)
	at org.springframework.web.filter.CharacterEncodingFilter.doFilterInternal(CharacterEncodingFilter.java:201)
	at org.springframework.web.filter.OncePerRequestFilter.doFilter(OncePerRequestFilter.java:119)
	at org.apache.catalina.core.ApplicationFilterChain.internalDoFilter(ApplicationFilterChain.java:193)
	at org.apache.catalina.core.ApplicationFilterChain.doFilter(ApplicationFilterChain.java:166)
	at org.apache.catalina.core.StandardWrapperValve.invoke(StandardWrapperValve.java:202)
	at org.apache.catalina.core.StandardContextValve.invoke(StandardContextValve.java:96)
	at org.apache.catalina.authenticator.AuthenticatorBase.invoke(AuthenticatorBase.java:541)
	at org.apache.catalina.core.StandardHostValve.invoke(StandardHostValve.java:139)
	at org.apache.catalina.valves.ErrorReportValve.invoke(ErrorReportValve.java:92)
	at org.apache.catalina.core.StandardEngineValve.invoke(StandardEngineValve.java:74)
	at org.apache.catalina.connector.CoyoteAdapter.service(CoyoteAdapter.java:343)
	at org.apache.coyote.http11.Http11Processor.service(Http11Processor.java:373)
	at org.apache.coyote.AbstractProcessorLight.process(AbstractProcessorLight.java:65)
	at org.apache.coyote.AbstractProtocol$ConnectionHandler.process(AbstractProtocol.java:868)
	at org.apache.tomcat.util.net.NioEndpoint$SocketProcessor.doRun(NioEndpoint.java:1589)
	at org.apache.tomcat.util.net.SocketProcessorBase.run(SocketProcessorBase.java:49)
	at java.util.concurrent.ThreadPoolExecutor.runWorker(ThreadPoolExecutor.java:1149)
	at java.util.concurrent.ThreadPoolExecutor$Worker.run(ThreadPoolExecutor.java:624)
	at org.apache.tomcat.util.threads.TaskThread$WrappingRunnable.run(TaskThread.java:61)
	at java.lang.Thread.run(Thread.java:748)
2020-08-14 15:24:20.412 [restartedMain] INFO  com.test.importdatas.ImportdatasApplication[55] -Starting ImportdatasApplication on CR9GPLI with PID 20352 (E:\workspaces\importdatas\target\classes started by 29097 in E:\workspaces\importdatas)
2020-08-14 15:24:20.414 [restartedMain] INFO  com.test.importdatas.ImportdatasApplication[651] -No active profile set, falling back to default profiles: default
2020-08-14 15:24:23.135 [restartedMain] INFO  com.test.importdatas.ImportdatasApplication[61] -Started ImportdatasApplication in 3.271 seconds (JVM running for 4.205)
2020-08-14 15:24:30.399 [http-nio-8081-exec-1] INFO  com.test.importdatas.controller.UserController[26] -查询用户信息 name:levi,age:24
2020-08-14 15:24:30.401 [http-nio-8081-exec-1] ERROR com.test.importdatas.controller.UserController[33] -查询用户信息异常 name:levi 
java.lang.RuntimeException: 年龄不正确
	at com.test.importdatas.controller.UserController.selectUserInfo(UserController.java:28)
	at sun.reflect.NativeMethodAccessorImpl.invoke0(Native Method)
	at sun.reflect.NativeMethodAccessorImpl.invoke(NativeMethodAccessorImpl.java:62)
	at sun.reflect.DelegatingMethodAccessorImpl.invoke(DelegatingMethodAccessorImpl.java:43)
	at java.lang.reflect.Method.invoke(Method.java:498)
	at org.springframework.web.method.support.InvocableHandlerMethod.doInvoke(InvocableHandlerMethod.java:190)
	at org.springframework.web.method.support.InvocableHandlerMethod.invokeForRequest(InvocableHandlerMethod.java:138)
	at org.springframework.web.servlet.mvc.method.annotation.ServletInvocableHandlerMethod.invokeAndHandle(ServletInvocableHandlerMethod.java:105)
	at org.springframework.web.servlet.mvc.method.annotation.RequestMappingHandlerAdapter.invokeHandlerMethod(RequestMappingHandlerAdapter.java:878)
	at org.springframework.web.servlet.mvc.method.annotation.RequestMappingHandlerAdapter.handleInternal(RequestMappingHandlerAdapter.java:792)
	at org.springframework.web.servlet.mvc.method.AbstractHandlerMethodAdapter.handle(AbstractHandlerMethodAdapter.java:87)
	at org.springframework.web.servlet.DispatcherServlet.doDispatch(DispatcherServlet.java:1040)
	at org.springframework.web.servlet.DispatcherServlet.doService(DispatcherServlet.java:943)
	at org.springframework.web.servlet.FrameworkServlet.processRequest(FrameworkServlet.java:1006)
	at org.springframework.web.servlet.FrameworkServlet.doPost(FrameworkServlet.java:909)
	at javax.servlet.http.HttpServlet.service(HttpServlet.java:652)
	at org.springframework.web.servlet.FrameworkServlet.service(FrameworkServlet.java:883)
	at javax.servlet.http.HttpServlet.service(HttpServlet.java:733)
	at org.apache.catalina.core.ApplicationFilterChain.internalDoFilter(ApplicationFilterChain.java:231)
	at org.apache.catalina.core.ApplicationFilterChain.doFilter(ApplicationFilterChain.java:166)
	at org.apache.tomcat.websocket.server.WsFilter.doFilter(WsFilter.java:53)
	at org.apache.catalina.core.ApplicationFilterChain.internalDoFilter(ApplicationFilterChain.java:193)
	at org.apache.catalina.core.ApplicationFilterChain.doFilter(ApplicationFilterChain.java:166)
	at com.test.importdatas.config.WebTraceFilter.doFilter(WebTraceFilter.java:29)
	at org.apache.catalina.core.ApplicationFilterChain.internalDoFilter(ApplicationFilterChain.java:193)
	at org.apache.catalina.core.ApplicationFilterChain.doFilter(ApplicationFilterChain.java:166)
	at org.springframework.web.filter.RequestContextFilter.doFilterInternal(RequestContextFilter.java:100)
	at org.springframework.web.filter.OncePerRequestFilter.doFilter(OncePerRequestFilter.java:119)
	at org.apache.catalina.core.ApplicationFilterChain.internalDoFilter(ApplicationFilterChain.java:193)
	at org.apache.catalina.core.ApplicationFilterChain.doFilter(ApplicationFilterChain.java:166)
	at org.springframework.web.filter.FormContentFilter.doFilterInternal(FormContentFilter.java:93)
	at org.springframework.web.filter.OncePerRequestFilter.doFilter(OncePerRequestFilter.java:119)
	at org.apache.catalina.core.ApplicationFilterChain.internalDoFilter(ApplicationFilterChain.java:193)
	at org.apache.catalina.core.ApplicationFilterChain.doFilter(ApplicationFilterChain.java:166)
	at org.springframework.web.filter.CharacterEncodingFilter.doFilterInternal(CharacterEncodingFilter.java:201)
	at org.springframework.web.filter.OncePerRequestFilter.doFilter(OncePerRequestFilter.java:119)
	at org.apache.catalina.core.ApplicationFilterChain.internalDoFilter(ApplicationFilterChain.java:193)
	at org.apache.catalina.core.ApplicationFilterChain.doFilter(ApplicationFilterChain.java:166)
	at org.apache.catalina.core.StandardWrapperValve.invoke(StandardWrapperValve.java:202)
	at org.apache.catalina.core.StandardContextValve.invoke(StandardContextValve.java:96)
	at org.apache.catalina.authenticator.AuthenticatorBase.invoke(AuthenticatorBase.java:541)
	at org.apache.catalina.core.StandardHostValve.invoke(StandardHostValve.java:139)
	at org.apache.catalina.valves.ErrorReportValve.invoke(ErrorReportValve.java:92)
	at org.apache.catalina.core.StandardEngineValve.invoke(StandardEngineValve.java:74)
	at org.apache.catalina.connector.CoyoteAdapter.service(CoyoteAdapter.java:343)
	at org.apache.coyote.http11.Http11Processor.service(Http11Processor.java:373)
	at org.apache.coyote.AbstractProcessorLight.process(AbstractProcessorLight.java:65)
	at org.apache.coyote.AbstractProtocol$ConnectionHandler.process(AbstractProtocol.java:868)
	at org.apache.tomcat.util.net.NioEndpoint$SocketProcessor.doRun(NioEndpoint.java:1589)
	at org.apache.tomcat.util.net.SocketProcessorBase.run(SocketProcessorBase.java:49)
	at java.util.concurrent.ThreadPoolExecutor.runWorker(ThreadPoolExecutor.java:1149)
	at java.util.concurrent.ThreadPoolExecutor$Worker.run(ThreadPoolExecutor.java:624)
	at org.apache.tomcat.util.threads.TaskThread$WrappingRunnable.run(TaskThread.java:61)
	at java.lang.Thread.run(Thread.java:748)
2020-08-14 15:30:09.895 [restartedMain] INFO  com.test.importdatas.ImportdatasApplication[55] -Starting ImportdatasApplication on CR9GPLI with PID 17992 (E:\workspaces\importdatas\target\classes started by 29097 in E:\workspaces\importdatas)
2020-08-14 15:30:09.898 [restartedMain] DEBUG com.test.importdatas.ImportdatasApplication[56] -Running with Spring Boot v2.3.2.RELEASE, Spring v5.2.8.RELEASE
2020-08-14 15:30:09.899 [restartedMain] INFO  com.test.importdatas.ImportdatasApplication[651] -No active profile set, falling back to default profiles: default
2020-08-14 15:30:12.694 [restartedMain] INFO  com.test.importdatas.ImportdatasApplication[61] -Started ImportdatasApplication in 3.354 seconds (JVM running for 4.278)
2020-08-14 15:31:02.053 [http-nio-8081-exec-1] INFO  com.test.importdatas.controller.UserController[26] -查询用户信息 name:levi,age:24
2020-08-14 15:31:02.055 [http-nio-8081-exec-1] ERROR com.test.importdatas.controller.UserController[33] -查询用户信息异常 name:levi 
java.lang.RuntimeException: 年龄不正确
	at com.test.importdatas.controller.UserController.selectUserInfo(UserController.java:28)
	at sun.reflect.NativeMethodAccessorImpl.invoke0(Native Method)
	at sun.reflect.NativeMethodAccessorImpl.invoke(NativeMethodAccessorImpl.java:62)
	at sun.reflect.DelegatingMethodAccessorImpl.invoke(DelegatingMethodAccessorImpl.java:43)
	at java.lang.reflect.Method.invoke(Method.java:498)
	at org.springframework.web.method.support.InvocableHandlerMethod.doInvoke(InvocableHandlerMethod.java:190)
	at org.springframework.web.method.support.InvocableHandlerMethod.invokeForRequest(InvocableHandlerMethod.java:138)
	at org.springframework.web.servlet.mvc.method.annotation.ServletInvocableHandlerMethod.invokeAndHandle(ServletInvocableHandlerMethod.java:105)
	at org.springframework.web.servlet.mvc.method.annotation.RequestMappingHandlerAdapter.invokeHandlerMethod(RequestMappingHandlerAdapter.java:878)
	at org.springframework.web.servlet.mvc.method.annotation.RequestMappingHandlerAdapter.handleInternal(RequestMappingHandlerAdapter.java:792)
	at org.springframework.web.servlet.mvc.method.AbstractHandlerMethodAdapter.handle(AbstractHandlerMethodAdapter.java:87)
	at org.springframework.web.servlet.DispatcherServlet.doDispatch(DispatcherServlet.java:1040)
	at org.springframework.web.servlet.DispatcherServlet.doService(DispatcherServlet.java:943)
	at org.springframework.web.servlet.FrameworkServlet.processRequest(FrameworkServlet.java:1006)
	at org.springframework.web.servlet.FrameworkServlet.doPost(FrameworkServlet.java:909)
	at javax.servlet.http.HttpServlet.service(HttpServlet.java:652)
	at org.springframework.web.servlet.FrameworkServlet.service(FrameworkServlet.java:883)
	at javax.servlet.http.HttpServlet.service(HttpServlet.java:733)
	at org.apache.catalina.core.ApplicationFilterChain.internalDoFilter(ApplicationFilterChain.java:231)
	at org.apache.catalina.core.ApplicationFilterChain.doFilter(ApplicationFilterChain.java:166)
	at org.apache.tomcat.websocket.server.WsFilter.doFilter(WsFilter.java:53)
	at org.apache.catalina.core.ApplicationFilterChain.internalDoFilter(ApplicationFilterChain.java:193)
	at org.apache.catalina.core.ApplicationFilterChain.doFilter(ApplicationFilterChain.java:166)
	at com.test.importdatas.config.WebTraceFilter.doFilter(WebTraceFilter.java:29)
	at org.apache.catalina.core.ApplicationFilterChain.internalDoFilter(ApplicationFilterChain.java:193)
	at org.apache.catalina.core.ApplicationFilterChain.doFilter(ApplicationFilterChain.java:166)
	at org.springframework.web.filter.RequestContextFilter.doFilterInternal(RequestContextFilter.java:100)
	at org.springframework.web.filter.OncePerRequestFilter.doFilter(OncePerRequestFilter.java:119)
	at org.apache.catalina.core.ApplicationFilterChain.internalDoFilter(ApplicationFilterChain.java:193)
	at org.apache.catalina.core.ApplicationFilterChain.doFilter(ApplicationFilterChain.java:166)
	at org.springframework.web.filter.FormContentFilter.doFilterInternal(FormContentFilter.java:93)
	at org.springframework.web.filter.OncePerRequestFilter.doFilter(OncePerRequestFilter.java:119)
	at org.apache.catalina.core.ApplicationFilterChain.internalDoFilter(ApplicationFilterChain.java:193)
	at org.apache.catalina.core.ApplicationFilterChain.doFilter(ApplicationFilterChain.java:166)
	at org.springframework.web.filter.CharacterEncodingFilter.doFilterInternal(CharacterEncodingFilter.java:201)
	at org.springframework.web.filter.OncePerRequestFilter.doFilter(OncePerRequestFilter.java:119)
	at org.apache.catalina.core.ApplicationFilterChain.internalDoFilter(ApplicationFilterChain.java:193)
	at org.apache.catalina.core.ApplicationFilterChain.doFilter(ApplicationFilterChain.java:166)
	at org.apache.catalina.core.StandardWrapperValve.invoke(StandardWrapperValve.java:202)
	at org.apache.catalina.core.StandardContextValve.invoke(StandardContextValve.java:96)
	at org.apache.catalina.authenticator.AuthenticatorBase.invoke(AuthenticatorBase.java:541)
	at org.apache.catalina.core.StandardHostValve.invoke(StandardHostValve.java:139)
	at org.apache.catalina.valves.ErrorReportValve.invoke(ErrorReportValve.java:92)
	at org.apache.catalina.core.StandardEngineValve.invoke(StandardEngineValve.java:74)
	at org.apache.catalina.connector.CoyoteAdapter.service(CoyoteAdapter.java:343)
	at org.apache.coyote.http11.Http11Processor.service(Http11Processor.java:373)
	at org.apache.coyote.AbstractProcessorLight.process(AbstractProcessorLight.java:65)
	at org.apache.coyote.AbstractProtocol$ConnectionHandler.process(AbstractProtocol.java:868)
	at org.apache.tomcat.util.net.NioEndpoint$SocketProcessor.doRun(NioEndpoint.java:1589)
	at org.apache.tomcat.util.net.SocketProcessorBase.run(SocketProcessorBase.java:49)
	at java.util.concurrent.ThreadPoolExecutor.runWorker(ThreadPoolExecutor.java:1149)
	at java.util.concurrent.ThreadPoolExecutor$Worker.run(ThreadPoolExecutor.java:624)
	at org.apache.tomcat.util.threads.TaskThread$WrappingRunnable.run(TaskThread.java:61)
	at java.lang.Thread.run(Thread.java:748)
2020-08-14 15:31:50.306 [restartedMain] INFO  com.test.importdatas.ImportdatasApplication[55] -Starting ImportdatasApplication on CR9GPLI with PID 20628 (E:\workspaces\importdatas\target\classes started by 29097 in E:\workspaces\importdatas)
2020-08-14 15:31:50.307 [restartedMain] DEBUG com.test.importdatas.ImportdatasApplication[56] -Running with Spring Boot v2.3.2.RELEASE, Spring v5.2.8.RELEASE
2020-08-14 15:31:50.308 [restartedMain] INFO  com.test.importdatas.ImportdatasApplication[651] -No active profile set, falling back to default profiles: default
2020-08-14 15:31:53.240 [restartedMain] INFO  com.test.importdatas.ImportdatasApplication[61] -Started ImportdatasApplication in 3.498 seconds (JVM running for 4.47)
2020-08-14 15:35:31.616 [http-nio-8081-exec-1] ERROR com.test.importdatas.controller.UserController[33] -查询用户信息异常 name:levi 
java.lang.RuntimeException: 年龄不正确
	at com.test.importdatas.controller.UserController.selectUserInfo(UserController.java:28)
	at sun.reflect.NativeMethodAccessorImpl.invoke0(Native Method)
	at sun.reflect.NativeMethodAccessorImpl.invoke(NativeMethodAccessorImpl.java:62)
	at sun.reflect.DelegatingMethodAccessorImpl.invoke(DelegatingMethodAccessorImpl.java:43)
	at java.lang.reflect.Method.invoke(Method.java:498)
	at org.springframework.web.method.support.InvocableHandlerMethod.doInvoke(InvocableHandlerMethod.java:190)
	at org.springframework.web.method.support.InvocableHandlerMethod.invokeForRequest(InvocableHandlerMethod.java:138)
	at org.springframework.web.servlet.mvc.method.annotation.ServletInvocableHandlerMethod.invokeAndHandle(ServletInvocableHandlerMethod.java:105)
	at org.springframework.web.servlet.mvc.method.annotation.RequestMappingHandlerAdapter.invokeHandlerMethod(RequestMappingHandlerAdapter.java:878)
	at org.springframework.web.servlet.mvc.method.annotation.RequestMappingHandlerAdapter.handleInternal(RequestMappingHandlerAdapter.java:792)
	at org.springframework.web.servlet.mvc.method.AbstractHandlerMethodAdapter.handle(AbstractHandlerMethodAdapter.java:87)
	at org.springframework.web.servlet.DispatcherServlet.doDispatch(DispatcherServlet.java:1040)
	at org.springframework.web.servlet.DispatcherServlet.doService(DispatcherServlet.java:943)
	at org.springframework.web.servlet.FrameworkServlet.processRequest(FrameworkServlet.java:1006)
	at org.springframework.web.servlet.FrameworkServlet.doPost(FrameworkServlet.java:909)
	at javax.servlet.http.HttpServlet.service(HttpServlet.java:652)
	at org.springframework.web.servlet.FrameworkServlet.service(FrameworkServlet.java:883)
	at javax.servlet.http.HttpServlet.service(HttpServlet.java:733)
	at org.apache.catalina.core.ApplicationFilterChain.internalDoFilter(ApplicationFilterChain.java:231)
	at org.apache.catalina.core.ApplicationFilterChain.doFilter(ApplicationFilterChain.java:166)
	at org.apache.tomcat.websocket.server.WsFilter.doFilter(WsFilter.java:53)
	at org.apache.catalina.core.ApplicationFilterChain.internalDoFilter(ApplicationFilterChain.java:193)
	at org.apache.catalina.core.ApplicationFilterChain.doFilter(ApplicationFilterChain.java:166)
	at com.test.importdatas.config.WebTraceFilter.doFilter(WebTraceFilter.java:29)
	at org.apache.catalina.core.ApplicationFilterChain.internalDoFilter(ApplicationFilterChain.java:193)
	at org.apache.catalina.core.ApplicationFilterChain.doFilter(ApplicationFilterChain.java:166)
	at org.springframework.web.filter.RequestContextFilter.doFilterInternal(RequestContextFilter.java:100)
	at org.springframework.web.filter.OncePerRequestFilter.doFilter(OncePerRequestFilter.java:119)
	at org.apache.catalina.core.ApplicationFilterChain.internalDoFilter(ApplicationFilterChain.java:193)
	at org.apache.catalina.core.ApplicationFilterChain.doFilter(ApplicationFilterChain.java:166)
	at org.springframework.web.filter.FormContentFilter.doFilterInternal(FormContentFilter.java:93)
	at org.springframework.web.filter.OncePerRequestFilter.doFilter(OncePerRequestFilter.java:119)
	at org.apache.catalina.core.ApplicationFilterChain.internalDoFilter(ApplicationFilterChain.java:193)
	at org.apache.catalina.core.ApplicationFilterChain.doFilter(ApplicationFilterChain.java:166)
	at org.springframework.web.filter.CharacterEncodingFilter.doFilterInternal(CharacterEncodingFilter.java:201)
	at org.springframework.web.filter.OncePerRequestFilter.doFilter(OncePerRequestFilter.java:119)
	at org.apache.catalina.core.ApplicationFilterChain.internalDoFilter(ApplicationFilterChain.java:193)
	at org.apache.catalina.core.ApplicationFilterChain.doFilter(ApplicationFilterChain.java:166)
	at org.apache.catalina.core.StandardWrapperValve.invoke(StandardWrapperValve.java:202)
	at org.apache.catalina.core.StandardContextValve.invoke(StandardContextValve.java:96)
	at org.apache.catalina.authenticator.AuthenticatorBase.invoke(AuthenticatorBase.java:541)
	at org.apache.catalina.core.StandardHostValve.invoke(StandardHostValve.java:139)
	at org.apache.catalina.valves.ErrorReportValve.invoke(ErrorReportValve.java:92)
	at org.apache.catalina.core.StandardEngineValve.invoke(StandardEngineValve.java:74)
	at org.apache.catalina.connector.CoyoteAdapter.service(CoyoteAdapter.java:343)
	at org.apache.coyote.http11.Http11Processor.service(Http11Processor.java:373)
	at org.apache.coyote.AbstractProcessorLight.process(AbstractProcessorLight.java:65)
	at org.apache.coyote.AbstractProtocol$ConnectionHandler.process(AbstractProtocol.java:868)
	at org.apache.tomcat.util.net.NioEndpoint$SocketProcessor.doRun(NioEndpoint.java:1589)
	at org.apache.tomcat.util.net.SocketProcessorBase.run(SocketProcessorBase.java:49)
	at java.util.concurrent.ThreadPoolExecutor.runWorker(ThreadPoolExecutor.java:1149)
	at java.util.concurrent.ThreadPoolExecutor$Worker.run(ThreadPoolExecutor.java:624)
	at org.apache.tomcat.util.threads.TaskThread$WrappingRunnable.run(TaskThread.java:61)
	at java.lang.Thread.run(Thread.java:748)
2020-08-14 15:41:11.687 [http-nio-8081-exec-1] ERROR com.test.importdatas.controller.UserController[33] -查询用户信息异常 name:levi 
java.lang.RuntimeException: 年龄不正确
	at com.test.importdatas.controller.UserController.selectUserInfo(UserController.java:28)
	at sun.reflect.NativeMethodAccessorImpl.invoke0(Native Method)
	at sun.reflect.NativeMethodAccessorImpl.invoke(NativeMethodAccessorImpl.java:62)
	at sun.reflect.DelegatingMethodAccessorImpl.invoke(DelegatingMethodAccessorImpl.java:43)
	at java.lang.reflect.Method.invoke(Method.java:498)
	at org.springframework.web.method.support.InvocableHandlerMethod.doInvoke(InvocableHandlerMethod.java:190)
	at org.springframework.web.method.support.InvocableHandlerMethod.invokeForRequest(InvocableHandlerMethod.java:138)
	at org.springframework.web.servlet.mvc.method.annotation.ServletInvocableHandlerMethod.invokeAndHandle(ServletInvocableHandlerMethod.java:105)
	at org.springframework.web.servlet.mvc.method.annotation.RequestMappingHandlerAdapter.invokeHandlerMethod(RequestMappingHandlerAdapter.java:878)
	at org.springframework.web.servlet.mvc.method.annotation.RequestMappingHandlerAdapter.handleInternal(RequestMappingHandlerAdapter.java:792)
	at org.springframework.web.servlet.mvc.method.AbstractHandlerMethodAdapter.handle(AbstractHandlerMethodAdapter.java:87)
	at org.springframework.web.servlet.DispatcherServlet.doDispatch(DispatcherServlet.java:1040)
	at org.springframework.web.servlet.DispatcherServlet.doService(DispatcherServlet.java:943)
	at org.springframework.web.servlet.FrameworkServlet.processRequest(FrameworkServlet.java:1006)
	at org.springframework.web.servlet.FrameworkServlet.doPost(FrameworkServlet.java:909)
	at javax.servlet.http.HttpServlet.service(HttpServlet.java:652)
	at org.springframework.web.servlet.FrameworkServlet.service(FrameworkServlet.java:883)
	at javax.servlet.http.HttpServlet.service(HttpServlet.java:733)
	at org.apache.catalina.core.ApplicationFilterChain.internalDoFilter(ApplicationFilterChain.java:231)
	at org.apache.catalina.core.ApplicationFilterChain.doFilter(ApplicationFilterChain.java:166)
	at org.apache.tomcat.websocket.server.WsFilter.doFilter(WsFilter.java:53)
	at org.apache.catalina.core.ApplicationFilterChain.internalDoFilter(ApplicationFilterChain.java:193)
	at org.apache.catalina.core.ApplicationFilterChain.doFilter(ApplicationFilterChain.java:166)
	at com.test.importdatas.config.WebTraceFilter.doFilter(WebTraceFilter.java:29)
	at org.apache.catalina.core.ApplicationFilterChain.internalDoFilter(ApplicationFilterChain.java:193)
	at org.apache.catalina.core.ApplicationFilterChain.doFilter(ApplicationFilterChain.java:166)
	at org.springframework.web.filter.RequestContextFilter.doFilterInternal(RequestContextFilter.java:100)
	at org.springframework.web.filter.OncePerRequestFilter.doFilter(OncePerRequestFilter.java:119)
	at org.apache.catalina.core.ApplicationFilterChain.internalDoFilter(ApplicationFilterChain.java:193)
	at org.apache.catalina.core.ApplicationFilterChain.doFilter(ApplicationFilterChain.java:166)
	at org.springframework.web.filter.FormContentFilter.doFilterInternal(FormContentFilter.java:93)
	at org.springframework.web.filter.OncePerRequestFilter.doFilter(OncePerRequestFilter.java:119)
	at org.apache.catalina.core.ApplicationFilterChain.internalDoFilter(ApplicationFilterChain.java:193)
	at org.apache.catalina.core.ApplicationFilterChain.doFilter(ApplicationFilterChain.java:166)
	at org.springframework.web.filter.CharacterEncodingFilter.doFilterInternal(CharacterEncodingFilter.java:201)
	at org.springframework.web.filter.OncePerRequestFilter.doFilter(OncePerRequestFilter.java:119)
	at org.apache.catalina.core.ApplicationFilterChain.internalDoFilter(ApplicationFilterChain.java:193)
	at org.apache.catalina.core.ApplicationFilterChain.doFilter(ApplicationFilterChain.java:166)
	at org.apache.catalina.core.StandardWrapperValve.invoke(StandardWrapperValve.java:202)
	at org.apache.catalina.core.StandardContextValve.invoke(StandardContextValve.java:96)
	at org.apache.catalina.authenticator.AuthenticatorBase.invoke(AuthenticatorBase.java:541)
	at org.apache.catalina.core.StandardHostValve.invoke(StandardHostValve.java:139)
	at org.apache.catalina.valves.ErrorReportValve.invoke(ErrorReportValve.java:92)
	at org.apache.catalina.core.StandardEngineValve.invoke(StandardEngineValve.java:74)
	at org.apache.catalina.connector.CoyoteAdapter.service(CoyoteAdapter.java:343)
	at org.apache.coyote.http11.Http11Processor.service(Http11Processor.java:373)
	at org.apache.coyote.AbstractProcessorLight.process(AbstractProcessorLight.java:65)
	at org.apache.coyote.AbstractProtocol$ConnectionHandler.process(AbstractProtocol.java:868)
	at org.apache.tomcat.util.net.NioEndpoint$SocketProcessor.doRun(NioEndpoint.java:1589)
	at org.apache.tomcat.util.net.SocketProcessorBase.run(SocketProcessorBase.java:49)
	at java.util.concurrent.ThreadPoolExecutor.runWorker(ThreadPoolExecutor.java:1149)
	at java.util.concurrent.ThreadPoolExecutor$Worker.run(ThreadPoolExecutor.java:624)
	at org.apache.tomcat.util.threads.TaskThread$WrappingRunnable.run(TaskThread.java:61)
	at java.lang.Thread.run(Thread.java:748)
2020-08-14 15:43:02.879 [restartedMain] INFO  com.test.importdatas.ImportdatasApplication[55] -Starting ImportdatasApplication on CR9GPLI with PID 2736 (E:\workspaces\importdatas\target\classes started by 29097 in E:\workspaces\importdatas)
2020-08-14 15:43:02.885 [restartedMain] INFO  com.test.importdatas.ImportdatasApplication[651] -No active profile set, falling back to default profiles: default
2020-08-14 15:43:05.694 [restartedMain] INFO  com.test.importdatas.ImportdatasApplication[61] -Started ImportdatasApplication in 3.376 seconds (JVM running for 4.305)
2020-08-14 15:43:27.889 [http-nio-8081-exec-1] INFO  com.test.importdatas.controller.UserController[26] -查询用户信息 name:levi,age:24
2020-08-14 15:43:27.890 [http-nio-8081-exec-1] ERROR com.test.importdatas.controller.UserController[33] -查询用户信息异常 name:levi 
java.lang.RuntimeException: 年龄不正确
	at com.test.importdatas.controller.UserController.selectUserInfo(UserController.java:28)
	at sun.reflect.NativeMethodAccessorImpl.invoke0(Native Method)
	at sun.reflect.NativeMethodAccessorImpl.invoke(NativeMethodAccessorImpl.java:62)
	at sun.reflect.DelegatingMethodAccessorImpl.invoke(DelegatingMethodAccessorImpl.java:43)
	at java.lang.reflect.Method.invoke(Method.java:498)
	at org.springframework.web.method.support.InvocableHandlerMethod.doInvoke(InvocableHandlerMethod.java:190)
	at org.springframework.web.method.support.InvocableHandlerMethod.invokeForRequest(InvocableHandlerMethod.java:138)
	at org.springframework.web.servlet.mvc.method.annotation.ServletInvocableHandlerMethod.invokeAndHandle(ServletInvocableHandlerMethod.java:105)
	at org.springframework.web.servlet.mvc.method.annotation.RequestMappingHandlerAdapter.invokeHandlerMethod(RequestMappingHandlerAdapter.java:878)
	at org.springframework.web.servlet.mvc.method.annotation.RequestMappingHandlerAdapter.handleInternal(RequestMappingHandlerAdapter.java:792)
	at org.springframework.web.servlet.mvc.method.AbstractHandlerMethodAdapter.handle(AbstractHandlerMethodAdapter.java:87)
	at org.springframework.web.servlet.DispatcherServlet.doDispatch(DispatcherServlet.java:1040)
	at org.springframework.web.servlet.DispatcherServlet.doService(DispatcherServlet.java:943)
	at org.springframework.web.servlet.FrameworkServlet.processRequest(FrameworkServlet.java:1006)
	at org.springframework.web.servlet.FrameworkServlet.doPost(FrameworkServlet.java:909)
	at javax.servlet.http.HttpServlet.service(HttpServlet.java:652)
	at org.springframework.web.servlet.FrameworkServlet.service(FrameworkServlet.java:883)
	at javax.servlet.http.HttpServlet.service(HttpServlet.java:733)
	at org.apache.catalina.core.ApplicationFilterChain.internalDoFilter(ApplicationFilterChain.java:231)
	at org.apache.catalina.core.ApplicationFilterChain.doFilter(ApplicationFilterChain.java:166)
	at org.apache.tomcat.websocket.server.WsFilter.doFilter(WsFilter.java:53)
	at org.apache.catalina.core.ApplicationFilterChain.internalDoFilter(ApplicationFilterChain.java:193)
	at org.apache.catalina.core.ApplicationFilterChain.doFilter(ApplicationFilterChain.java:166)
	at com.test.importdatas.config.WebTraceFilter.doFilter(WebTraceFilter.java:29)
	at org.apache.catalina.core.ApplicationFilterChain.internalDoFilter(ApplicationFilterChain.java:193)
	at org.apache.catalina.core.ApplicationFilterChain.doFilter(ApplicationFilterChain.java:166)
	at org.springframework.web.filter.RequestContextFilter.doFilterInternal(RequestContextFilter.java:100)
	at org.springframework.web.filter.OncePerRequestFilter.doFilter(OncePerRequestFilter.java:119)
	at org.apache.catalina.core.ApplicationFilterChain.internalDoFilter(ApplicationFilterChain.java:193)
	at org.apache.catalina.core.ApplicationFilterChain.doFilter(ApplicationFilterChain.java:166)
	at org.springframework.web.filter.FormContentFilter.doFilterInternal(FormContentFilter.java:93)
	at org.springframework.web.filter.OncePerRequestFilter.doFilter(OncePerRequestFilter.java:119)
	at org.apache.catalina.core.ApplicationFilterChain.internalDoFilter(ApplicationFilterChain.java:193)
	at org.apache.catalina.core.ApplicationFilterChain.doFilter(ApplicationFilterChain.java:166)
	at org.springframework.web.filter.CharacterEncodingFilter.doFilterInternal(CharacterEncodingFilter.java:201)
	at org.springframework.web.filter.OncePerRequestFilter.doFilter(OncePerRequestFilter.java:119)
	at org.apache.catalina.core.ApplicationFilterChain.internalDoFilter(ApplicationFilterChain.java:193)
	at org.apache.catalina.core.ApplicationFilterChain.doFilter(ApplicationFilterChain.java:166)
	at org.apache.catalina.core.StandardWrapperValve.invoke(StandardWrapperValve.java:202)
	at org.apache.catalina.core.StandardContextValve.invoke(StandardContextValve.java:96)
	at org.apache.catalina.authenticator.AuthenticatorBase.invoke(AuthenticatorBase.java:541)
	at org.apache.catalina.core.StandardHostValve.invoke(StandardHostValve.java:139)
	at org.apache.catalina.valves.ErrorReportValve.invoke(ErrorReportValve.java:92)
	at org.apache.catalina.core.StandardEngineValve.invoke(StandardEngineValve.java:74)
	at org.apache.catalina.connector.CoyoteAdapter.service(CoyoteAdapter.java:343)
	at org.apache.coyote.http11.Http11Processor.service(Http11Processor.java:373)
	at org.apache.coyote.AbstractProcessorLight.process(AbstractProcessorLight.java:65)
	at org.apache.coyote.AbstractProtocol$ConnectionHandler.process(AbstractProtocol.java:868)
	at org.apache.tomcat.util.net.NioEndpoint$SocketProcessor.doRun(NioEndpoint.java:1589)
	at org.apache.tomcat.util.net.SocketProcessorBase.run(SocketProcessorBase.java:49)
	at java.util.concurrent.ThreadPoolExecutor.runWorker(ThreadPoolExecutor.java:1149)
	at java.util.concurrent.ThreadPoolExecutor$Worker.run(ThreadPoolExecutor.java:624)
	at org.apache.tomcat.util.threads.TaskThread$WrappingRunnable.run(TaskThread.java:61)
	at java.lang.Thread.run(Thread.java:748)
2020-08-14 16:40:18.467 [main] INFO  com.test.importdatas.ImportdatasApplicationTests[55] -Starting ImportdatasApplicationTests on CR9GPLI with PID 21016 (started by 29097 in E:\workspaces\importdatas)
2020-08-14 16:40:18.469 [main] INFO  com.test.importdatas.ImportdatasApplicationTests[651] -No active profile set, falling back to default profiles: default
2020-08-14 16:40:21.952 [main] INFO  com.test.importdatas.ImportdatasApplicationTests[61] -Started ImportdatasApplicationTests in 3.882 seconds (JVM running for 4.802)
2020-08-17 14:08:30.568 [restartedMain] INFO  com.test.importdatas.ImportdatasApplication[55] -Starting ImportdatasApplication on CR9GPLI with PID 11984 (E:\workspaces\importdatas\target\classes started by 29097 in E:\workspaces\importdatas)
2020-08-17 14:08:30.572 [restartedMain] INFO  com.test.importdatas.ImportdatasApplication[651] -No active profile set, falling back to default profiles: default
2020-08-17 14:09:08.321 [restartedMain] INFO  com.test.importdatas.ImportdatasApplication[55] -Starting ImportdatasApplication on CR9GPLI with PID 17760 (E:\workspaces\importdatas\target\classes started by 29097 in E:\workspaces\importdatas)
2020-08-17 14:09:08.325 [restartedMain] INFO  com.test.importdatas.ImportdatasApplication[651] -No active profile set, falling back to default profiles: default
2020-08-17 14:09:10.875 [restartedMain] INFO  com.test.importdatas.ImportdatasApplication[61] -Started ImportdatasApplication in 2.987 seconds (JVM running for 3.726)
2020-08-17 14:28:54.176 [restartedMain] INFO  com.test.importdatas.ImportdatasApplication[55] -Starting ImportdatasApplication on CR9GPLI with PID 9272 (E:\workspaces\importdatas\target\classes started by 29097 in E:\workspaces\importdatas)
2020-08-17 14:28:54.179 [restartedMain] INFO  com.test.importdatas.ImportdatasApplication[651] -No active profile set, falling back to default profiles: default
2020-08-17 14:31:35.137 [restartedMain] INFO  com.test.importdatas.ImportdatasApplication[55] -Starting ImportdatasApplication on CR9GPLI with PID 16536 (E:\workspaces\importdatas\target\classes started by 29097 in E:\workspaces\importdatas)
2020-08-17 14:31:35.139 [restartedMain] INFO  com.test.importdatas.ImportdatasApplication[651] -No active profile set, falling back to default profiles: default
2020-08-17 14:31:37.555 [restartedMain] INFO  com.test.importdatas.ImportdatasApplication[61] -Started ImportdatasApplication in 2.793 seconds (JVM running for 3.5)
2020-08-17 14:33:37.006 [restartedMain] INFO  com.test.importdatas.ImportdatasApplication[55] -Starting ImportdatasApplication on CR9GPLI with PID 16536 (E:\workspaces\importdatas\target\classes started by 29097 in E:\workspaces\importdatas)
2020-08-17 14:33:37.007 [restartedMain] INFO  com.test.importdatas.ImportdatasApplication[651] -No active profile set, falling back to default profiles: default
2020-08-17 14:33:37.486 [restartedMain] INFO  com.test.importdatas.ImportdatasApplication[61] -Started ImportdatasApplication in 0.505 seconds (JVM running for 123.431)
2020-08-17 14:34:49.963 [restartedMain] INFO  com.test.importdatas.ImportdatasApplication[55] -Starting ImportdatasApplication on CR9GPLI with PID 16536 (E:\workspaces\importdatas\target\classes started by 29097 in E:\workspaces\importdatas)
2020-08-17 14:34:49.964 [restartedMain] INFO  com.test.importdatas.ImportdatasApplication[651] -No active profile set, falling back to default profiles: default
2020-08-17 14:34:50.473 [restartedMain] INFO  com.test.importdatas.ImportdatasApplication[61] -Started ImportdatasApplication in 0.54 seconds (JVM running for 196.418)
2020-08-17 14:35:28.557 [restartedMain] INFO  com.test.importdatas.ImportdatasApplication[55] -Starting ImportdatasApplication on CR9GPLI with PID 17812 (E:\workspaces\importdatas\target\classes started by 29097 in E:\workspaces\importdatas)
2020-08-17 14:35:28.560 [restartedMain] INFO  com.test.importdatas.ImportdatasApplication[651] -No active profile set, falling back to default profiles: default
2020-08-17 14:35:31.266 [restartedMain] INFO  com.test.importdatas.ImportdatasApplication[61] -Started ImportdatasApplication in 3.154 seconds (JVM running for 4.508)
2020-08-17 14:36:48.198 [restartedMain] INFO  com.test.importdatas.ImportdatasApplication[55] -Starting ImportdatasApplication on CR9GPLI with PID 17812 (E:\workspaces\importdatas\target\classes started by 29097 in E:\workspaces\importdatas)
2020-08-17 14:36:48.198 [restartedMain] INFO  com.test.importdatas.ImportdatasApplication[651] -No active profile set, falling back to default profiles: default
2020-08-17 14:36:48.726 [restartedMain] INFO  com.test.importdatas.ImportdatasApplication[61] -Started ImportdatasApplication in 0.553 seconds (JVM running for 81.967)
2020-08-17 14:40:30.223 [restartedMain] INFO  com.test.importdatas.ImportdatasApplication[55] -Starting ImportdatasApplication on CR9GPLI with PID 17812 (E:\workspaces\importdatas\target\classes started by 29097 in E:\workspaces\importdatas)
2020-08-17 14:40:30.224 [restartedMain] INFO  com.test.importdatas.ImportdatasApplication[651] -No active profile set, falling back to default profiles: default
2020-08-17 14:40:31.385 [restartedMain] INFO  com.test.importdatas.ImportdatasApplication[61] -Started ImportdatasApplication in 1.203 seconds (JVM running for 304.626)
2020-08-17 14:42:28.800 [restartedMain] INFO  com.test.importdatas.ImportdatasApplication[55] -Starting ImportdatasApplication on CR9GPLI with PID 17812 (E:\workspaces\importdatas\target\classes started by 29097 in E:\workspaces\importdatas)
2020-08-17 14:42:28.800 [restartedMain] INFO  com.test.importdatas.ImportdatasApplication[651] -No active profile set, falling back to default profiles: default
2020-08-17 14:42:29.528 [restartedMain] INFO  com.test.importdatas.ImportdatasApplication[61] -Started ImportdatasApplication in 0.756 seconds (JVM running for 422.77)
2020-08-17 15:03:32.840 [restartedMain] INFO  com.test.importdatas.ImportdatasApplication[55] -Starting ImportdatasApplication on CR9GPLI with PID 19080 (E:\workspaces\importdatas\target\classes started by 29097 in E:\workspaces\importdatas)
2020-08-17 15:03:32.843 [restartedMain] INFO  com.test.importdatas.ImportdatasApplication[651] -No active profile set, falling back to default profiles: default
2020-08-17 15:03:35.625 [restartedMain] INFO  com.test.importdatas.ImportdatasApplication[61] -Started ImportdatasApplication in 3.339 seconds (JVM running for 4.208)
2020-08-17 15:03:52.625 [http-nio-8081-exec-1] INFO  com.test.importdatas.interceptor.LoginInterceptor[15] -pre do..
2020-08-17 15:03:52.716 [http-nio-8081-exec-2] INFO  com.test.importdatas.interceptor.LoginInterceptor[15] -pre do..
2020-08-17 15:04:12.140 [http-nio-8081-exec-4] INFO  com.test.importdatas.interceptor.LoginInterceptor[15] -pre do..
2020-08-17 15:04:12.143 [http-nio-8081-exec-4] INFO  com.test.importdatas.interceptor.LoginInterceptor[30] -post do..
2020-08-17 15:04:12.143 [http-nio-8081-exec-4] INFO  com.test.importdatas.interceptor.LoginInterceptor[35] -after do..
2020-08-17 15:04:39.159 [http-nio-8081-exec-7] INFO  com.test.importdatas.interceptor.LoginInterceptor[15] -pre do..
2020-08-17 15:04:39.359 [http-nio-8081-exec-9] INFO  com.test.importdatas.interceptor.LoginInterceptor[15] -pre do..
2020-08-17 15:04:53.138 [http-nio-8081-exec-10] INFO  com.test.importdatas.interceptor.LoginInterceptor[15] -pre do..
2020-08-17 15:04:53.140 [http-nio-8081-exec-10] INFO  com.test.importdatas.interceptor.LoginInterceptor[30] -post do..
2020-08-17 15:04:53.140 [http-nio-8081-exec-10] INFO  com.test.importdatas.interceptor.LoginInterceptor[35] -after do..
2020-08-17 15:05:06.242 [http-nio-8081-exec-1] INFO  com.test.importdatas.interceptor.LoginInterceptor[15] -pre do..
2020-08-17 15:05:30.048 [http-nio-8081-exec-2] INFO  com.test.importdatas.interceptor.LoginInterceptor[15] -pre do..
2020-08-17 15:06:35.020 [http-nio-8081-exec-6] INFO  com.test.importdatas.interceptor.LoginInterceptor[15] -pre do..
2020-08-17 15:06:35.022 [http-nio-8081-exec-6] INFO  com.test.importdatas.interceptor.LoginInterceptor[30] -post do..
2020-08-17 15:06:35.023 [http-nio-8081-exec-6] INFO  com.test.importdatas.interceptor.LoginInterceptor[35] -after do..
2020-08-17 15:06:58.737 [http-nio-8081-exec-5] INFO  com.test.importdatas.interceptor.LoginInterceptor[15] -pre do..
2020-08-17 15:07:50.250 [restartedMain] INFO  com.test.importdatas.ImportdatasApplication[55] -Starting ImportdatasApplication on CR9GPLI with PID 7792 (E:\workspaces\importdatas\target\classes started by 29097 in E:\workspaces\importdatas)
2020-08-17 15:07:50.253 [restartedMain] INFO  com.test.importdatas.ImportdatasApplication[651] -No active profile set, falling back to default profiles: default
2020-08-17 15:07:52.613 [restartedMain] INFO  com.test.importdatas.ImportdatasApplication[61] -Started ImportdatasApplication in 2.743 seconds (JVM running for 3.477)
2020-08-17 15:08:00.882 [http-nio-8081-exec-1] INFO  com.test.importdatas.interceptor.LoginInterceptor[15] -pre do..
2020-08-17 15:08:14.012 [http-nio-8081-exec-2] INFO  com.test.importdatas.interceptor.LoginInterceptor[15] -pre do..
2020-08-17 15:08:14.017 [http-nio-8081-exec-2] INFO  com.test.importdatas.interceptor.LoginInterceptor[30] -post do..
2020-08-17 15:08:14.017 [http-nio-8081-exec-2] INFO  com.test.importdatas.interceptor.LoginInterceptor[35] -after do..
2020-08-17 15:08:19.633 [http-nio-8081-exec-7] INFO  com.test.importdatas.interceptor.LoginInterceptor[15] -pre do..
2020-08-17 15:08:19.636 [http-nio-8081-exec-7] INFO  com.test.importdatas.interceptor.LoginInterceptor[30] -post do..
2020-08-17 15:08:19.636 [http-nio-8081-exec-7] INFO  com.test.importdatas.interceptor.LoginInterceptor[35] -after do..
2020-08-17 15:09:53.677 [restartedMain] INFO  com.test.importdatas.ImportdatasApplication[55] -Starting ImportdatasApplication on CR9GPLI with PID 6576 (E:\workspaces\importdatas\target\classes started by 29097 in E:\workspaces\importdatas)
2020-08-17 15:09:53.682 [restartedMain] INFO  com.test.importdatas.ImportdatasApplication[651] -No active profile set, falling back to default profiles: default
2020-08-17 15:09:56.098 [restartedMain] INFO  com.test.importdatas.ImportdatasApplication[61] -Started ImportdatasApplication in 2.874 seconds (JVM running for 3.575)
2020-08-17 15:10:11.507 [http-nio-8081-exec-1] INFO  com.test.importdatas.interceptor.LoginInterceptor[15] -pre do..
2020-08-17 15:10:11.649 [http-nio-8081-exec-3] INFO  com.test.importdatas.interceptor.LoginInterceptor[15] -pre do..
2020-08-17 15:10:11.666 [http-nio-8081-exec-3] INFO  com.test.importdatas.interceptor.LoginInterceptor[30] -post do..
2020-08-17 15:10:11.667 [http-nio-8081-exec-3] INFO  com.test.importdatas.interceptor.LoginInterceptor[35] -after do..
2020-08-17 15:10:25.185 [http-nio-8081-exec-4] INFO  com.test.importdatas.interceptor.LoginInterceptor[15] -pre do..
2020-08-17 15:10:25.189 [http-nio-8081-exec-4] INFO  com.test.importdatas.interceptor.LoginInterceptor[30] -post do..
2020-08-17 15:10:25.189 [http-nio-8081-exec-4] INFO  com.test.importdatas.interceptor.LoginInterceptor[35] -after do..
2020-08-17 15:10:30.251 [http-nio-8081-exec-5] INFO  com.test.importdatas.interceptor.LoginInterceptor[15] -pre do..
2020-08-17 15:10:30.253 [http-nio-8081-exec-5] INFO  com.test.importdatas.interceptor.LoginInterceptor[30] -post do..
2020-08-17 15:10:30.338 [http-nio-8081-exec-5] INFO  com.test.importdatas.interceptor.LoginInterceptor[35] -after do..
2020-08-17 15:10:30.339 [http-nio-8081-exec-5] INFO  com.test.importdatas.interceptor.LoginInterceptor[15] -pre do..
2020-08-17 15:10:30.345 [http-nio-8081-exec-5] INFO  com.test.importdatas.interceptor.LoginInterceptor[30] -post do..
2020-08-17 15:10:30.348 [http-nio-8081-exec-5] INFO  com.test.importdatas.interceptor.LoginInterceptor[35] -after do..
2020-08-17 15:11:19.443 [http-nio-8081-exec-7] INFO  com.test.importdatas.interceptor.LoginInterceptor[15] -pre do..
2020-08-17 15:11:19.448 [http-nio-8081-exec-7] INFO  com.test.importdatas.interceptor.LoginInterceptor[30] -post do..
2020-08-17 15:11:19.449 [http-nio-8081-exec-7] INFO  com.test.importdatas.interceptor.LoginInterceptor[35] -after do..
2020-08-17 15:11:31.455 [restartedMain] INFO  com.test.importdatas.ImportdatasApplication[55] -Starting ImportdatasApplication on CR9GPLI with PID 6576 (E:\workspaces\importdatas\target\classes started by 29097 in E:\workspaces\importdatas)
2020-08-17 15:11:31.456 [restartedMain] INFO  com.test.importdatas.ImportdatasApplication[651] -No active profile set, falling back to default profiles: default
2020-08-17 15:11:32.016 [restartedMain] INFO  com.test.importdatas.ImportdatasApplication[61] -Started ImportdatasApplication in 0.583 seconds (JVM running for 99.493)
2020-08-17 15:11:33.772 [restartedMain] INFO  com.test.importdatas.ImportdatasApplication[55] -Starting ImportdatasApplication on CR9GPLI with PID 6576 (E:\workspaces\importdatas\target\classes started by 29097 in E:\workspaces\importdatas)
2020-08-17 15:11:33.773 [restartedMain] INFO  com.test.importdatas.ImportdatasApplication[651] -No active profile set, falling back to default profiles: default
2020-08-17 15:11:34.339 [restartedMain] INFO  com.test.importdatas.ImportdatasApplication[61] -Started ImportdatasApplication in 0.595 seconds (JVM running for 101.816)
2020-08-17 15:11:35.575 [http-nio-8081-exec-1] INFO  com.test.importdatas.interceptor.LoginInterceptor[15] -pre do..
2020-08-17 15:11:35.577 [http-nio-8081-exec-1] INFO  com.test.importdatas.interceptor.LoginInterceptor[30] -post do..
2020-08-17 15:11:35.577 [http-nio-8081-exec-1] INFO  com.test.importdatas.interceptor.LoginInterceptor[35] -after do..
2020-08-17 15:11:40.593 [http-nio-8081-exec-2] INFO  com.test.importdatas.interceptor.LoginInterceptor[15] -pre do..
2020-08-17 15:11:40.595 [http-nio-8081-exec-2] INFO  com.test.importdatas.interceptor.LoginInterceptor[30] -post do..
2020-08-17 15:11:40.596 [http-nio-8081-exec-2] INFO  com.test.importdatas.interceptor.LoginInterceptor[35] -after do..
2020-08-17 15:12:51.864 [restartedMain] INFO  com.test.importdatas.ImportdatasApplication[55] -Starting ImportdatasApplication on CR9GPLI with PID 6576 (E:\workspaces\importdatas\target\classes started by 29097 in E:\workspaces\importdatas)
2020-08-17 15:12:51.865 [restartedMain] INFO  com.test.importdatas.ImportdatasApplication[651] -No active profile set, falling back to default profiles: default
2020-08-17 15:12:53.738 [restartedMain] INFO  com.test.importdatas.ImportdatasApplication[55] -Starting ImportdatasApplication on CR9GPLI with PID 6576 (E:\workspaces\importdatas\target\classes started by 29097 in E:\workspaces\importdatas)
2020-08-17 15:12:53.739 [restartedMain] INFO  com.test.importdatas.ImportdatasApplication[651] -No active profile set, falling back to default profiles: default
2020-08-17 15:12:54.382 [restartedMain] INFO  com.test.importdatas.ImportdatasApplication[61] -Started ImportdatasApplication in 0.671 seconds (JVM running for 181.859)
2020-08-17 15:13:01.508 [http-nio-8081-exec-1] INFO  com.test.importdatas.interceptor.LoginInterceptor[15] -pre do..
2020-08-17 15:13:01.509 [http-nio-8081-exec-1] INFO  com.test.importdatas.interceptor.LoginInterceptor[25] -redi..
2020-08-17 15:13:01.622 [http-nio-8081-exec-3] INFO  com.test.importdatas.interceptor.LoginInterceptor[15] -pre do..
2020-08-17 15:13:01.624 [http-nio-8081-exec-3] INFO  com.test.importdatas.interceptor.LoginInterceptor[31] -post do..
2020-08-17 15:13:01.624 [http-nio-8081-exec-3] INFO  com.test.importdatas.interceptor.LoginInterceptor[36] -after do..
2020-08-17 15:13:30.939 [http-nio-8081-exec-6] INFO  com.test.importdatas.interceptor.LoginInterceptor[15] -pre do..
2020-08-17 15:13:30.939 [http-nio-8081-exec-6] INFO  com.test.importdatas.interceptor.LoginInterceptor[25] -redi..
2020-08-17 15:13:31.045 [http-nio-8081-exec-8] INFO  com.test.importdatas.interceptor.LoginInterceptor[15] -pre do..
2020-08-17 15:13:31.046 [http-nio-8081-exec-8] INFO  com.test.importdatas.interceptor.LoginInterceptor[31] -post do..
2020-08-17 15:13:31.047 [http-nio-8081-exec-8] INFO  com.test.importdatas.interceptor.LoginInterceptor[36] -after do..
2020-08-17 15:18:14.075 [http-nio-8081-exec-1] INFO  com.test.importdatas.interceptor.LoginInterceptor[15] -pre do..
2020-08-17 15:18:14.076 [http-nio-8081-exec-1] INFO  com.test.importdatas.interceptor.LoginInterceptor[31] -post do..
2020-08-17 15:18:14.129 [http-nio-8081-exec-1] INFO  com.test.importdatas.interceptor.LoginInterceptor[36] -after do..
2020-08-17 15:18:40.474 [restartedMain] INFO  com.test.importdatas.ImportdatasApplication[55] -Starting ImportdatasApplication on CR9GPLI with PID 6576 (E:\workspaces\importdatas\target\classes started by 29097 in E:\workspaces\importdatas)
2020-08-17 15:18:40.474 [restartedMain] INFO  com.test.importdatas.ImportdatasApplication[651] -No active profile set, falling back to default profiles: default
2020-08-17 15:18:40.990 [restartedMain] INFO  com.test.importdatas.ImportdatasApplication[61] -Started ImportdatasApplication in 0.544 seconds (JVM running for 528.467)
2020-08-17 15:19:04.954 [restartedMain] INFO  com.test.importdatas.ImportdatasApplication[55] -Starting ImportdatasApplication on CR9GPLI with PID 6576 (E:\workspaces\importdatas\target\classes started by 29097 in E:\workspaces\importdatas)
2020-08-17 15:19:04.954 [restartedMain] INFO  com.test.importdatas.ImportdatasApplication[651] -No active profile set, falling back to default profiles: default
2020-08-17 15:19:05.422 [restartedMain] INFO  com.test.importdatas.ImportdatasApplication[61] -Started ImportdatasApplication in 0.491 seconds (JVM running for 552.9)
2020-08-17 15:19:07.088 [restartedMain] INFO  com.test.importdatas.ImportdatasApplication[55] -Starting ImportdatasApplication on CR9GPLI with PID 6576 (E:\workspaces\importdatas\target\classes started by 29097 in E:\workspaces\importdatas)
2020-08-17 15:19:07.089 [restartedMain] INFO  com.test.importdatas.ImportdatasApplication[651] -No active profile set, falling back to default profiles: default
2020-08-17 15:19:07.547 [restartedMain] INFO  com.test.importdatas.ImportdatasApplication[61] -Started ImportdatasApplication in 0.483 seconds (JVM running for 555.025)
2020-08-17 15:19:27.307 [http-nio-8081-exec-2] INFO  com.test.importdatas.interceptor.LoginInterceptor[15] -pre do..
2020-08-17 15:19:27.308 [http-nio-8081-exec-2] INFO  com.test.importdatas.interceptor.LoginInterceptor[25] -redi..
2020-08-17 15:19:27.423 [http-nio-8081-exec-1] INFO  com.test.importdatas.interceptor.LoginInterceptor[15] -pre do..
2020-08-17 15:19:27.426 [http-nio-8081-exec-1] INFO  com.test.importdatas.interceptor.LoginInterceptor[31] -post do..
2020-08-17 15:19:27.426 [http-nio-8081-exec-1] INFO  com.test.importdatas.interceptor.LoginInterceptor[36] -after do..
2020-08-17 15:19:31.073 [http-nio-8081-exec-7] INFO  com.test.importdatas.interceptor.LoginInterceptor[15] -pre do..
2020-08-17 15:19:31.074 [http-nio-8081-exec-7] INFO  com.test.importdatas.interceptor.LoginInterceptor[31] -post do..
2020-08-17 15:19:31.085 [http-nio-8081-exec-7] INFO  com.test.importdatas.interceptor.LoginInterceptor[36] -after do..
2020-08-17 15:20:08.883 [restartedMain] INFO  com.test.importdatas.ImportdatasApplication[55] -Starting ImportdatasApplication on CR9GPLI with PID 6576 (E:\workspaces\importdatas\target\classes started by 29097 in E:\workspaces\importdatas)
2020-08-17 15:20:08.883 [restartedMain] INFO  com.test.importdatas.ImportdatasApplication[651] -No active profile set, falling back to default profiles: default
2020-08-17 15:20:09.300 [restartedMain] INFO  com.test.importdatas.ImportdatasApplication[61] -Started ImportdatasApplication in 0.435 seconds (JVM running for 616.777)
2020-08-17 15:20:14.116 [http-nio-8081-exec-2] INFO  com.test.importdatas.interceptor.LoginInterceptor[15] -pre do..
2020-08-17 15:20:14.117 [http-nio-8081-exec-2] INFO  com.test.importdatas.interceptor.LoginInterceptor[31] -post do..
2020-08-17 15:20:14.129 [http-nio-8081-exec-2] INFO  com.test.importdatas.interceptor.LoginInterceptor[36] -after do..
2020-08-17 15:26:52.055 [restartedMain] INFO  com.test.importdatas.ImportdatasApplication[55] -Starting ImportdatasApplication on CR9GPLI with PID 6576 (E:\workspaces\importdatas\target\classes started by 29097 in E:\workspaces\importdatas)
2020-08-17 15:26:52.056 [restartedMain] INFO  com.test.importdatas.ImportdatasApplication[651] -No active profile set, falling back to default profiles: default
2020-08-17 15:26:52.606 [restartedMain] INFO  com.test.importdatas.ImportdatasApplication[61] -Started ImportdatasApplication in 0.579 seconds (JVM running for 1020.083)
2020-08-17 15:26:55.251 [restartedMain] INFO  com.test.importdatas.ImportdatasApplication[55] -Starting ImportdatasApplication on CR9GPLI with PID 6576 (E:\workspaces\importdatas\target\classes started by 29097 in E:\workspaces\importdatas)
2020-08-17 15:26:55.252 [restartedMain] INFO  com.test.importdatas.ImportdatasApplication[651] -No active profile set, falling back to default profiles: default
2020-08-17 15:26:55.680 [restartedMain] INFO  com.test.importdatas.ImportdatasApplication[61] -Started ImportdatasApplication in 0.446 seconds (JVM running for 1023.158)
2020-08-17 15:27:10.917 [http-nio-8081-exec-1] INFO  com.test.importdatas.interceptor.LoginInterceptor[15] -pre do..
2020-08-17 15:27:10.918 [http-nio-8081-exec-1] INFO  com.test.importdatas.interceptor.LoginInterceptor[25] -redi..
2020-08-17 15:27:11.050 [http-nio-8081-exec-5] INFO  com.test.importdatas.interceptor.LoginInterceptor[15] -pre do..
2020-08-17 15:27:11.054 [http-nio-8081-exec-5] INFO  com.test.importdatas.interceptor.LoginInterceptor[31] -post do..
2020-08-17 15:27:11.054 [http-nio-8081-exec-5] INFO  com.test.importdatas.interceptor.LoginInterceptor[36] -after do..
2020-08-17 15:27:18.767 [http-nio-8081-exec-4] INFO  com.test.importdatas.interceptor.LoginInterceptor[15] -pre do..
2020-08-17 15:27:18.768 [http-nio-8081-exec-4] INFO  com.test.importdatas.interceptor.LoginInterceptor[31] -post do..
2020-08-17 15:27:18.779 [http-nio-8081-exec-4] INFO  com.test.importdatas.interceptor.LoginInterceptor[36] -after do..
2020-08-17 16:05:12.734 [restartedMain] INFO  com.test.importdatas.ImportdatasApplication[55] -Starting ImportdatasApplication on CR9GPLI with PID 96 (E:\workspaces\importdatas\target\classes started by 29097 in E:\workspaces\importdatas)
2020-08-17 16:05:12.737 [restartedMain] INFO  com.test.importdatas.ImportdatasApplication[651] -No active profile set, falling back to default profiles: default
2020-08-17 16:05:15.640 [restartedMain] INFO  com.test.importdatas.ImportdatasApplication[61] -Started ImportdatasApplication in 3.433 seconds (JVM running for 4.152)
2020-08-17 16:06:53.603 [restartedMain] INFO  com.test.importdatas.ImportdatasApplication[55] -Starting ImportdatasApplication on CR9GPLI with PID 96 (E:\workspaces\importdatas\target\classes started by 29097 in E:\workspaces\importdatas)
2020-08-17 16:06:53.603 [restartedMain] INFO  com.test.importdatas.ImportdatasApplication[651] -No active profile set, falling back to default profiles: default
2020-08-17 16:06:54.423 [restartedMain] INFO  com.test.importdatas.ImportdatasApplication[61] -Started ImportdatasApplication in 0.857 seconds (JVM running for 102.936)
2020-08-17 16:06:57.169 [restartedMain] INFO  com.test.importdatas.ImportdatasApplication[55] -Starting ImportdatasApplication on CR9GPLI with PID 96 (E:\workspaces\importdatas\target\classes started by 29097 in E:\workspaces\importdatas)
2020-08-17 16:06:57.170 [restartedMain] INFO  com.test.importdatas.ImportdatasApplication[651] -No active profile set, falling back to default profiles: default
2020-08-17 16:06:57.703 [restartedMain] INFO  com.test.importdatas.ImportdatasApplication[61] -Started ImportdatasApplication in 0.556 seconds (JVM running for 106.216)
2020-08-17 16:13:07.083 [restartedMain] INFO  com.test.importdatas.ImportdatasApplication[55] -Starting ImportdatasApplication on CR9GPLI with PID 8156 (E:\workspaces\importdatas\target\classes started by 29097 in E:\workspaces\importdatas)
2020-08-17 16:13:07.086 [restartedMain] INFO  com.test.importdatas.ImportdatasApplication[651] -No active profile set, falling back to default profiles: default
2020-08-17 16:13:09.827 [restartedMain] INFO  com.test.importdatas.ImportdatasApplication[61] -Started ImportdatasApplication in 3.234 seconds (JVM running for 3.949)
2020-08-17 16:13:48.161 [restartedMain] INFO  com.test.importdatas.ImportdatasApplication[55] -Starting ImportdatasApplication on CR9GPLI with PID 8724 (E:\workspaces\importdatas\target\classes started by 29097 in E:\workspaces\importdatas)
2020-08-17 16:13:48.165 [restartedMain] INFO  com.test.importdatas.ImportdatasApplication[651] -No active profile set, falling back to default profiles: default
2020-08-17 16:13:50.786 [restartedMain] INFO  com.test.importdatas.ImportdatasApplication[61] -Started ImportdatasApplication in 3.002 seconds (JVM running for 3.734)
2020-08-17 16:14:14.579 [restartedMain] INFO  com.test.importdatas.ImportdatasApplication[55] -Starting ImportdatasApplication on CR9GPLI with PID 8724 (E:\workspaces\importdatas\target\classes started by 29097 in E:\workspaces\importdatas)
2020-08-17 16:14:14.579 [restartedMain] INFO  com.test.importdatas.ImportdatasApplication[651] -No active profile set, falling back to default profiles: default
2020-08-17 16:14:15.111 [restartedMain] INFO  com.test.importdatas.ImportdatasApplication[61] -Started ImportdatasApplication in 0.556 seconds (JVM running for 28.06)
2020-08-17 16:18:37.621 [restartedMain] INFO  com.test.importdatas.ImportdatasApplication[55] -Starting ImportdatasApplication on CR9GPLI with PID 8724 (E:\workspaces\importdatas\target\classes started by 29097 in E:\workspaces\importdatas)
2020-08-17 16:18:37.621 [restartedMain] INFO  com.test.importdatas.ImportdatasApplication[651] -No active profile set, falling back to default profiles: default
2020-08-17 16:18:38.098 [restartedMain] INFO  com.test.importdatas.ImportdatasApplication[61] -Started ImportdatasApplication in 0.498 seconds (JVM running for 291.047)
2020-08-17 16:18:58.914 [restartedMain] INFO  com.test.importdatas.ImportdatasApplication[55] -Starting ImportdatasApplication on CR9GPLI with PID 8724 (E:\workspaces\importdatas\target\classes started by 29097 in E:\workspaces\importdatas)
2020-08-17 16:18:58.915 [restartedMain] INFO  com.test.importdatas.ImportdatasApplication[651] -No active profile set, falling back to default profiles: default
2020-08-17 16:18:59.386 [restartedMain] INFO  com.test.importdatas.ImportdatasApplication[61] -Started ImportdatasApplication in 0.492 seconds (JVM running for 312.335)
2020-08-17 16:20:10.297 [restartedMain] INFO  com.test.importdatas.ImportdatasApplication[55] -Starting ImportdatasApplication on CR9GPLI with PID 8724 (E:\workspaces\importdatas\target\classes started by 29097 in E:\workspaces\importdatas)
2020-08-17 16:20:10.297 [restartedMain] INFO  com.test.importdatas.ImportdatasApplication[651] -No active profile set, falling back to default profiles: default
2020-08-17 16:20:10.943 [restartedMain] INFO  com.test.importdatas.ImportdatasApplication[61] -Started ImportdatasApplication in 0.677 seconds (JVM running for 383.892)
2020-08-17 16:21:33.445 [restartedMain] INFO  com.test.importdatas.ImportdatasApplication[55] -Starting ImportdatasApplication on CR9GPLI with PID 8724 (E:\workspaces\importdatas\target\classes started by 29097 in E:\workspaces\importdatas)
2020-08-17 16:21:33.445 [restartedMain] INFO  com.test.importdatas.ImportdatasApplication[651] -No active profile set, falling back to default profiles: default
2020-08-17 16:21:33.932 [restartedMain] INFO  com.test.importdatas.ImportdatasApplication[61] -Started ImportdatasApplication in 0.507 seconds (JVM running for 466.881)
2020-08-17 16:22:42.345 [restartedMain] INFO  com.test.importdatas.ImportdatasApplication[55] -Starting ImportdatasApplication on CR9GPLI with PID 8724 (E:\workspaces\importdatas\target\classes started by 29097 in E:\workspaces\importdatas)
2020-08-17 16:22:42.345 [restartedMain] INFO  com.test.importdatas.ImportdatasApplication[651] -No active profile set, falling back to default profiles: default
2020-08-17 16:22:42.827 [restartedMain] INFO  com.test.importdatas.ImportdatasApplication[61] -Started ImportdatasApplication in 0.505 seconds (JVM running for 535.776)
2020-08-17 16:23:05.646 [restartedMain] INFO  com.test.importdatas.ImportdatasApplication[55] -Starting ImportdatasApplication on CR9GPLI with PID 8724 (E:\workspaces\importdatas\target\classes started by 29097 in E:\workspaces\importdatas)
2020-08-17 16:23:05.646 [restartedMain] INFO  com.test.importdatas.ImportdatasApplication[651] -No active profile set, falling back to default profiles: default
2020-08-17 16:23:06.091 [restartedMain] INFO  com.test.importdatas.ImportdatasApplication[61] -Started ImportdatasApplication in 0.464 seconds (JVM running for 559.04)
2020-08-17 16:23:37.574 [restartedMain] INFO  com.test.importdatas.ImportdatasApplication[55] -Starting ImportdatasApplication on CR9GPLI with PID 8724 (E:\workspaces\importdatas\target\classes started by 29097 in E:\workspaces\importdatas)
2020-08-17 16:23:37.575 [restartedMain] INFO  com.test.importdatas.ImportdatasApplication[651] -No active profile set, falling back to default profiles: default
2020-08-17 16:23:38.211 [restartedMain] INFO  com.test.importdatas.ImportdatasApplication[61] -Started ImportdatasApplication in 0.662 seconds (JVM running for 591.16)
2020-08-17 16:23:39.850 [restartedMain] INFO  com.test.importdatas.ImportdatasApplication[55] -Starting ImportdatasApplication on CR9GPLI with PID 8724 (E:\workspaces\importdatas\target\classes started by 29097 in E:\workspaces\importdatas)
2020-08-17 16:23:39.851 [restartedMain] INFO  com.test.importdatas.ImportdatasApplication[651] -No active profile set, falling back to default profiles: default
2020-08-17 16:23:40.365 [restartedMain] INFO  com.test.importdatas.ImportdatasApplication[61] -Started ImportdatasApplication in 0.534 seconds (JVM running for 593.314)
2020-08-17 16:24:04.345 [restartedMain] INFO  com.test.importdatas.ImportdatasApplication[55] -Starting ImportdatasApplication on CR9GPLI with PID 1092 (E:\workspaces\importdatas\target\classes started by 29097 in E:\workspaces\importdatas)
2020-08-17 16:24:04.349 [restartedMain] INFO  com.test.importdatas.ImportdatasApplication[651] -No active profile set, falling back to default profiles: default
2020-08-17 16:24:06.850 [restartedMain] INFO  com.test.importdatas.ImportdatasApplication[61] -Started ImportdatasApplication in 2.905 seconds (JVM running for 3.608)
2020-08-17 16:24:46.870 [restartedMain] INFO  com.test.importdatas.ImportdatasApplication[55] -Starting ImportdatasApplication on CR9GPLI with PID 1092 (E:\workspaces\importdatas\target\classes started by 29097 in E:\workspaces\importdatas)
2020-08-17 16:24:46.870 [restartedMain] INFO  com.test.importdatas.ImportdatasApplication[651] -No active profile set, falling back to default profiles: default
2020-08-17 16:24:48.847 [restartedMain] INFO  com.test.importdatas.ImportdatasApplication[55] -Starting ImportdatasApplication on CR9GPLI with PID 1092 (E:\workspaces\importdatas\target\classes started by 29097 in E:\workspaces\importdatas)
2020-08-17 16:24:48.847 [restartedMain] INFO  com.test.importdatas.ImportdatasApplication[651] -No active profile set, falling back to default profiles: default
2020-08-17 16:24:49.611 [restartedMain] INFO  com.test.importdatas.ImportdatasApplication[61] -Started ImportdatasApplication in 0.794 seconds (JVM running for 46.368)
2020-08-17 16:26:31.765 [restartedMain] INFO  com.test.importdatas.ImportdatasApplication[55] -Starting ImportdatasApplication on CR9GPLI with PID 9044 (E:\workspaces\importdatas\target\classes started by 29097 in E:\workspaces\importdatas)
2020-08-17 16:26:31.768 [restartedMain] INFO  com.test.importdatas.ImportdatasApplication[651] -No active profile set, falling back to default profiles: default
2020-08-17 16:26:34.306 [restartedMain] INFO  com.test.importdatas.ImportdatasApplication[61] -Started ImportdatasApplication in 2.909 seconds (JVM running for 3.656)
2020-08-17 16:27:09.461 [restartedMain] INFO  com.test.importdatas.ImportdatasApplication[55] -Starting ImportdatasApplication on CR9GPLI with PID 9044 (E:\workspaces\importdatas\target\classes started by 29097 in E:\workspaces\importdatas)
2020-08-17 16:27:09.461 [restartedMain] INFO  com.test.importdatas.ImportdatasApplication[651] -No active profile set, falling back to default profiles: default
2020-08-17 16:27:10.236 [restartedMain] INFO  com.test.importdatas.ImportdatasApplication[61] -Started ImportdatasApplication in 0.807 seconds (JVM running for 39.586)
2020-08-17 16:27:13.101 [restartedMain] INFO  com.test.importdatas.ImportdatasApplication[55] -Starting ImportdatasApplication on CR9GPLI with PID 9044 (E:\workspaces\importdatas\target\classes started by 29097 in E:\workspaces\importdatas)
2020-08-17 16:27:13.101 [restartedMain] INFO  com.test.importdatas.ImportdatasApplication[651] -No active profile set, falling back to default profiles: default
2020-08-17 16:27:13.669 [restartedMain] INFO  com.test.importdatas.ImportdatasApplication[61] -Started ImportdatasApplication in 0.598 seconds (JVM running for 43.018)
2020-08-17 16:29:11.083 [restartedMain] INFO  com.test.importdatas.ImportdatasApplication[55] -Starting ImportdatasApplication on CR9GPLI with PID 19300 (E:\workspaces\importdatas\target\classes started by 29097 in E:\workspaces\importdatas)
2020-08-17 16:29:11.087 [restartedMain] INFO  com.test.importdatas.ImportdatasApplication[651] -No active profile set, falling back to default profiles: default
2020-08-17 16:29:13.746 [restartedMain] INFO  com.test.importdatas.ImportdatasApplication[61] -Started ImportdatasApplication in 3.129 seconds (JVM running for 3.901)
2020-08-17 16:32:12.817 [restartedMain] INFO  com.test.importdatas.ImportdatasApplication[55] -Starting ImportdatasApplication on CR9GPLI with PID 9272 (E:\workspaces\importdatas\target\classes started by 29097 in E:\workspaces\importdatas)
2020-08-17 16:32:12.820 [restartedMain] INFO  com.test.importdatas.ImportdatasApplication[651] -No active profile set, falling back to default profiles: default
2020-08-17 16:32:15.295 [restartedMain] INFO  com.test.importdatas.ImportdatasApplication[61] -Started ImportdatasApplication in 2.828 seconds (JVM running for 3.528)
2020-08-17 16:34:24.774 [restartedMain] INFO  com.test.importdatas.ImportdatasApplication[55] -Starting ImportdatasApplication on CR9GPLI with PID 9904 (E:\workspaces\importdatas\target\classes started by 29097 in E:\workspaces\importdatas)
2020-08-17 16:34:24.778 [restartedMain] INFO  com.test.importdatas.ImportdatasApplication[651] -No active profile set, falling back to default profiles: default
2020-08-17 16:34:27.271 [restartedMain] INFO  com.test.importdatas.ImportdatasApplication[61] -Started ImportdatasApplication in 2.929 seconds (JVM running for 3.655)
2020-08-17 16:34:45.534 [http-nio-8081-exec-5] INFO  com.test.importdatas.interceptor.LoginInterceptor[25] -redi..
2020-08-17 16:35:07.948 [http-nio-8081-exec-8] INFO  com.test.importdatas.interceptor.LoginInterceptor[25] -redi..
2020-08-17 16:39:01.102 [restartedMain] INFO  com.test.importdatas.ImportdatasApplication[55] -Starting ImportdatasApplication on CR9GPLI with PID 10852 (E:\workspaces\importdatas\target\classes started by 29097 in E:\workspaces\importdatas)
2020-08-17 16:39:01.105 [restartedMain] INFO  com.test.importdatas.ImportdatasApplication[651] -No active profile set, falling back to default profiles: default
2020-08-17 16:39:03.554 [restartedMain] INFO  com.test.importdatas.ImportdatasApplication[61] -Started ImportdatasApplication in 2.89 seconds (JVM running for 3.607)
2020-08-17 16:41:32.620 [restartedMain] INFO  com.test.importdatas.ImportdatasApplication[55] -Starting ImportdatasApplication on CR9GPLI with PID 7080 (E:\workspaces\importdatas\target\classes started by 29097 in E:\workspaces\importdatas)
2020-08-17 16:41:32.622 [restartedMain] INFO  com.test.importdatas.ImportdatasApplication[651] -No active profile set, falling back to default profiles: default
2020-08-17 16:41:35.228 [restartedMain] INFO  com.test.importdatas.ImportdatasApplication[61] -Started ImportdatasApplication in 2.993 seconds (JVM running for 3.72)
2020-08-17 16:49:37.247 [restartedMain] INFO  com.test.importdatas.ImportdatasApplication[55] -Starting ImportdatasApplication on CR9GPLI with PID 10196 (E:\workspaces\importdatas\target\classes started by 29097 in E:\workspaces\importdatas)
2020-08-17 16:49:37.250 [restartedMain] INFO  com.test.importdatas.ImportdatasApplication[651] -No active profile set, falling back to default profiles: default
2020-08-17 16:49:40.077 [restartedMain] INFO  com.test.importdatas.ImportdatasApplication[61] -Started ImportdatasApplication in 3.31 seconds (JVM running for 4.061)
2020-08-17 16:59:06.965 [restartedMain] INFO  com.test.importdatas.ImportdatasApplication[55] -Starting ImportdatasApplication on CR9GPLI with PID 10196 (E:\workspaces\importdatas\target\classes started by 29097 in E:\workspaces\importdatas)
2020-08-17 16:59:06.966 [restartedMain] INFO  com.test.importdatas.ImportdatasApplication[651] -No active profile set, falling back to default profiles: default
2020-08-17 16:59:07.701 [restartedMain] INFO  com.test.importdatas.ImportdatasApplication[61] -Started ImportdatasApplication in 0.775 seconds (JVM running for 571.685)
2020-08-17 17:00:06.112 [restartedMain] INFO  com.test.importdatas.ImportdatasApplication[55] -Starting ImportdatasApplication on CR9GPLI with PID 2228 (E:\workspaces\importdatas\target\classes started by 29097 in E:\workspaces\importdatas)
2020-08-17 17:00:06.115 [restartedMain] INFO  com.test.importdatas.ImportdatasApplication[651] -No active profile set, falling back to default profiles: default
2020-08-17 17:00:08.665 [restartedMain] INFO  com.test.importdatas.ImportdatasApplication[61] -Started ImportdatasApplication in 2.974 seconds (JVM running for 3.753)
2020-08-17 17:06:37.872 [restartedMain] INFO  com.test.importdatas.ImportdatasApplication[55] -Starting ImportdatasApplication on CR9GPLI with PID 1368 (E:\workspaces\importdatas\target\classes started by 29097 in E:\workspaces\importdatas)
2020-08-17 17:06:37.875 [restartedMain] INFO  com.test.importdatas.ImportdatasApplication[651] -No active profile set, falling back to default profiles: default
2020-08-17 17:06:40.337 [restartedMain] INFO  com.test.importdatas.ImportdatasApplication[61] -Started ImportdatasApplication in 2.824 seconds (JVM running for 3.53)
2020-08-17 17:08:19.947 [restartedMain] INFO  com.test.importdatas.ImportdatasApplication[55] -Starting ImportdatasApplication on CR9GPLI with PID 1368 (E:\workspaces\importdatas\target\classes started by 29097 in E:\workspaces\importdatas)
2020-08-17 17:08:19.948 [restartedMain] INFO  com.test.importdatas.ImportdatasApplication[651] -No active profile set, falling back to default profiles: default
2020-08-17 17:08:20.534 [restartedMain] INFO  com.test.importdatas.ImportdatasApplication[61] -Started ImportdatasApplication in 0.62 seconds (JVM running for 103.727)
2020-08-17 17:08:23.236 [restartedMain] INFO  com.test.importdatas.ImportdatasApplication[55] -Starting ImportdatasApplication on CR9GPLI with PID 1368 (E:\workspaces\importdatas\target\classes started by 29097 in E:\workspaces\importdatas)
2020-08-17 17:08:23.236 [restartedMain] INFO  com.test.importdatas.ImportdatasApplication[651] -No active profile set, falling back to default profiles: default
2020-08-17 17:08:23.718 [restartedMain] INFO  com.test.importdatas.ImportdatasApplication[61] -Started ImportdatasApplication in 0.503 seconds (JVM running for 106.911)
